103a104,669
> files/abknl/bbxudleuf/jlffhq/y/xwjj/dyetqhsch/bb/igtgge.html
> files/abknl/bbxudleuf/jlffhq/y/xwjj/dyetqhsch/bb/jlceeo.html
> files/abknl/bbxudleuf/jlffhq/y/xwjj/dyetqhsch/bb/vflhy.html
> files/abknl/bbxudleuf/jlffhq/y/xwjj/dyetqhsch/bb/xutaknk.html
> files/abknl/bbxudleuf/jlffhq/y/xwjj/dyetqhsch/bb/y.html
> files/abknl/bbxudleuf/jlffhq/y/xwjj/dyetqhsch/bpg.class
> files/abknl/bbxudleuf/jlffhq/y/xwjj/dyetqhsch/bpg.java
> files/abknl/bbxudleuf/jlffhq/y/xwjj/dyetqhsch/e.class
> files/abknl/bbxudleuf/jlffhq/y/xwjj/dyetqhsch/e.java
> files/abknl/bbxudleuf/jlffhq/y/xwjj/dyetqhsch/hgyjadgnxe.class
> files/abknl/bbxudleuf/jlffhq/y/xwjj/dyetqhsch/hgyjadgnxe.java
> files/abknl/bbxudleuf/jlffhq/y/xwjj/dyetqhsch/hpsckaywf.class
> files/abknl/bbxudleuf/jlffhq/y/xwjj/dyetqhsch/hpsckaywf.java
> files/abknl/bbxudleuf/jlffhq/y/xwjj/dyetqhsch/iae.class
> files/abknl/bbxudleuf/jlffhq/y/xwjj/dyetqhsch/iae.java
> files/abknl/bbxudleuf/jlffhq/y/xwjj/dyetqhsch/ifsfqq.class
> files/abknl/bbxudleuf/jlffhq/y/xwjj/dyetqhsch/ifsfqq.java
> files/abknl/bbxudleuf/jlffhq/y/xwjj/dyetqhsch/ii.class
> files/abknl/bbxudleuf/jlffhq/y/xwjj/dyetqhsch/ii.java
> files/abknl/bbxudleuf/jlffhq/y/xwjj/dyetqhsch/quqlhkxvaj.class
> files/abknl/bbxudleuf/jlffhq/y/xwjj/dyetqhsch/quqlhkxvaj.java
> files/abknl/bbxudleuf/jlffhq/y/xwjj/dyetqhsch/rbhd.class
> files/abknl/bbxudleuf/jlffhq/y/xwjj/dyetqhsch/rbhd.java
> files/abknl/bbxudleuf/jlffhq/y/xwjj/dyetqhsch/rtsojmnhjp.class
> files/abknl/bbxudleuf/jlffhq/y/xwjj/dyetqhsch/rtsojmnhjp.java
> files/abknl/bbxudleuf/jlffhq/y/xwjj/dyetqhsch/ssqbw.class
> files/abknl/bbxudleuf/jlffhq/y/xwjj/dyetqhsch/ssqbw.java
> files/abknl/bbxudleuf/jlffhq/y/xwjj/dyetqhsch/sxw.class
> files/abknl/bbxudleuf/jlffhq/y/xwjj/dyetqhsch/sxw.java
> files/abknl/bbxudleuf/jlffhq/y/xwjj/dyetqhsch/usfkeodp.class
> files/abknl/bbxudleuf/jlffhq/y/xwjj/dyetqhsch/usfkeodp.java
> files/abknl/bbxudleuf/jlffhq/y/xwjj/dyetqhsch/vcdolkhop.class
> files/abknl/bbxudleuf/jlffhq/y/xwjj/dyetqhsch/vcdolkhop.java
> files/abknl/bbxudleuf/jlffhq/y/xwjj/dyetqhsch/wyswxwqau.class
> files/abknl/bbxudleuf/jlffhq/y/xwjj/dyetqhsch/wyswxwqau.java
> files/abknl/bbxudleuf/jlffhq/y/xwjj/ell/a.java
> files/abknl/bbxudleuf/jlffhq/y/xwjj/ell/aptv.java
> files/abknl/bbxudleuf/jlffhq/y/xwjj/ell/auhcfkdt.java
> files/abknl/bbxudleuf/jlffhq/y/xwjj/ell/bdcuqtthja.java
> files/abknl/bbxudleuf/jlffhq/y/xwjj/ell/cchj.java
> files/abknl/bbxudleuf/jlffhq/y/xwjj/ell/cogjj.java
> files/abknl/bbxudleuf/jlffhq/y/xwjj/ell/dsrt.java
> files/abknl/bbxudleuf/jlffhq/y/xwjj/ell/ehgdaa.java
> files/abknl/bbxudleuf/jlffhq/y/xwjj/ell/ek.java
> files/abknl/bbxudleuf/jlffhq/y/xwjj/ell/ewhkdsgt.java
> files/abknl/bbxudleuf/jlffhq/y/xwjj/ell/fswaoudimd.java
> files/abknl/bbxudleuf/jlffhq/y/xwjj/ell/h.java
> files/abknl/bbxudleuf/jlffhq/y/xwjj/ell/hkbqfav.java
> files/abknl/bbxudleuf/jlffhq/y/xwjj/ell/i.java
> files/abknl/bbxudleuf/jlffhq/y/xwjj/ell/ivqjqqri.java
> files/abknl/bbxudleuf/jlffhq/y/xwjj/ell/njwqdp/di.html
> files/abknl/bbxudleuf/jlffhq/y/xwjj/ell/njwqdp/funvmdje.html
> files/abknl/bbxudleuf/jlffhq/y/xwjj/ell/njwqdp/kglxuydc.html
> files/abknl/bbxudleuf/jlffhq/y/xwjj/ell/njwqdp/po.html
> files/abknl/bbxudleuf/jlffhq/y/xwjj/ell/njwqdp/ydlecmxeo.html
> files/abknl/bbxudleuf/jlffhq/y/xwjj/ell/npsjllpbon.java
> files/abknl/bbxudleuf/jlffhq/y/xwjj/ell/nqfdhwepqq.java
> files/abknl/bbxudleuf/jlffhq/y/xwjj/ell/nu.java
> files/abknl/bbxudleuf/jlffhq/y/xwjj/ell/os.java
> files/abknl/bbxudleuf/jlffhq/y/xwjj/ell/pwo.java
> files/abknl/bbxudleuf/jlffhq/y/xwjj/ell/pxryl.java
> files/abknl/bbxudleuf/jlffhq/y/xwjj/ell/qhqqr.java
> files/abknl/bbxudleuf/jlffhq/y/xwjj/ell/qnobsg.java
> files/abknl/bbxudleuf/jlffhq/y/xwjj/ell/qrwucgwxp.java
> files/abknl/bbxudleuf/jlffhq/y/xwjj/ell/qvg.java
> files/abknl/bbxudleuf/jlffhq/y/xwjj/ell/red.java
> files/abknl/bbxudleuf/jlffhq/y/xwjj/ell/rkroinpxs.java
> files/abknl/bbxudleuf/jlffhq/y/xwjj/ell/rrmbwlm.java
> files/abknl/bbxudleuf/jlffhq/y/xwjj/ell/spfwppty.java
> files/abknl/bbxudleuf/jlffhq/y/xwjj/ell/u.java
> files/abknl/bbxudleuf/jlffhq/y/xwjj/ell/uigsqb.java
> files/abknl/bbxudleuf/jlffhq/y/xwjj/ell/vkvjwfqyt.java
> files/abknl/bbxudleuf/jlffhq/y/xwjj/ell/wtthtgsej.java
> files/abknl/bbxudleuf/jlffhq/y/xwjj/ell/xpflwbvhw.java
> files/abknl/bbxudleuf/jlffhq/y/xwjj/ell/yrcjp.java
> files/abknl/bbxudleuf/jlffhq/y/xwjj/ga/boon.java
> files/abknl/bbxudleuf/jlffhq/y/xwjj/ga/ceuq.java
> files/abknl/bbxudleuf/jlffhq/y/xwjj/ga/dk.java
> files/abknl/bbxudleuf/jlffhq/y/xwjj/ga/ebglll.java
> files/abknl/bbxudleuf/jlffhq/y/xwjj/ga/euu.java
> files/abknl/bbxudleuf/jlffhq/y/xwjj/ga/f.java
> files/abknl/bbxudleuf/jlffhq/y/xwjj/ga/fekvdndp.java
> files/abknl/bbxudleuf/jlffhq/y/xwjj/ga/flb.java
> files/abknl/bbxudleuf/jlffhq/y/xwjj/ga/fury.java
> files/abknl/bbxudleuf/jlffhq/y/xwjj/ga/hhrwnsdob.java
> files/abknl/bbxudleuf/jlffhq/y/xwjj/ga/jdmpsviho.java
> files/abknl/bbxudleuf/jlffhq/y/xwjj/ga/kddns.java
> files/abknl/bbxudleuf/jlffhq/y/xwjj/ga/kdixdq.java
> files/abknl/bbxudleuf/jlffhq/y/xwjj/ga/ldwa.java
> files/abknl/bbxudleuf/jlffhq/y/xwjj/ga/lxlrtpntj.java
> files/abknl/bbxudleuf/jlffhq/y/xwjj/ga/mdmcdtusn/ofsgxo.html
> files/abknl/bbxudleuf/jlffhq/y/xwjj/ga/mdmcdtusn/qg.html
> files/abknl/bbxudleuf/jlffhq/y/xwjj/ga/mdmcdtusn/sibn.html
> files/abknl/bbxudleuf/jlffhq/y/xwjj/ga/mdmcdtusn/udmcybc.html
> files/abknl/bbxudleuf/jlffhq/y/xwjj/ga/mdmcdtusn/usfaq.html
> files/abknl/bbxudleuf/jlffhq/y/xwjj/ga/mvvm.java
> files/abknl/bbxudleuf/jlffhq/y/xwjj/ga/mwqnqxnv.java
> files/abknl/bbxudleuf/jlffhq/y/xwjj/ga/npgbtjxp.java
> files/abknl/bbxudleuf/jlffhq/y/xwjj/ga/pfuenjyh.java
> files/abknl/bbxudleuf/jlffhq/y/xwjj/ga/pksxjwj.java
> files/abknl/bbxudleuf/jlffhq/y/xwjj/ga/pvk.java
> files/abknl/bbxudleuf/jlffhq/y/xwjj/ga/qh.java
> files/abknl/bbxudleuf/jlffhq/y/xwjj/ga/r.java
> files/abknl/bbxudleuf/jlffhq/y/xwjj/ga/rikipysf.java
> files/abknl/bbxudleuf/jlffhq/y/xwjj/ga/swgei.java
> files/abknl/bbxudleuf/jlffhq/y/xwjj/ga/uctwkdadsy.java
> files/abknl/bbxudleuf/jlffhq/y/xwjj/ga/udbovvos.java
> files/abknl/bbxudleuf/jlffhq/y/xwjj/ga/ukiwe.java
> files/abknl/bbxudleuf/jlffhq/y/xwjj/ga/wfqauspi.java
> files/abknl/bbxudleuf/jlffhq/y/xwjj/ga/wih.java
> files/abknl/bbxudleuf/jlffhq/y/xwjj/ga/wqvjfso.java
> files/abknl/bbxudleuf/jlffhq/y/xwjj/ga/wu.java
> files/abknl/bbxudleuf/jlffhq/y/xwjj/ga/wvaecau.java
> files/abknl/bbxudleuf/jlffhq/y/xwjj/ga/y.java
> files/abknl/bbxudleuf/jlffhq/y/xwjj/ga/ycec.java
> files/abknl/bbxudleuf/jlffhq/y/xwjj/mxpvfeen/.java
> files/abknl/bbxudleuf/jlffhq/y/xwjj/mxpvfeen/bpqkvm.class
> files/abknl/bbxudleuf/jlffhq/y/xwjj/mxpvfeen/bpqkvm.java
> files/abknl/bbxudleuf/jlffhq/y/xwjj/mxpvfeen/bxohl.class
> files/abknl/bbxudleuf/jlffhq/y/xwjj/mxpvfeen/bxohl.java
> files/abknl/bbxudleuf/jlffhq/y/xwjj/mxpvfeen/clmethbayj.class
> files/abknl/bbxudleuf/jlffhq/y/xwjj/mxpvfeen/clmethbayj.java
> files/abknl/bbxudleuf/jlffhq/y/xwjj/mxpvfeen/denj.class
> files/abknl/bbxudleuf/jlffhq/y/xwjj/mxpvfeen/denj.java
> files/abknl/bbxudleuf/jlffhq/y/xwjj/mxpvfeen/dh.class
> files/abknl/bbxudleuf/jlffhq/y/xwjj/mxpvfeen/dh.java
> files/abknl/bbxudleuf/jlffhq/y/xwjj/mxpvfeen/enrxsio.class
> files/abknl/bbxudleuf/jlffhq/y/xwjj/mxpvfeen/enrxsio.java
> files/abknl/bbxudleuf/jlffhq/y/xwjj/mxpvfeen/fp.class
> files/abknl/bbxudleuf/jlffhq/y/xwjj/mxpvfeen/fp.java
> files/abknl/bbxudleuf/jlffhq/y/xwjj/mxpvfeen/g.class
> files/abknl/bbxudleuf/jlffhq/y/xwjj/mxpvfeen/g.java
> files/abknl/bbxudleuf/jlffhq/y/xwjj/mxpvfeen/gs.class
> files/abknl/bbxudleuf/jlffhq/y/xwjj/mxpvfeen/gs.java
> files/abknl/bbxudleuf/jlffhq/y/xwjj/mxpvfeen/hcbs.class
> files/abknl/bbxudleuf/jlffhq/y/xwjj/mxpvfeen/hcbs.java
> files/abknl/bbxudleuf/jlffhq/y/xwjj/mxpvfeen/hiodwj.class
> files/abknl/bbxudleuf/jlffhq/y/xwjj/mxpvfeen/hiodwj.java
> files/abknl/bbxudleuf/jlffhq/y/xwjj/mxpvfeen/icgky.class
> files/abknl/bbxudleuf/jlffhq/y/xwjj/mxpvfeen/icgky.java
> files/abknl/bbxudleuf/jlffhq/y/xwjj/mxpvfeen/idxjqquue.class
> files/abknl/bbxudleuf/jlffhq/y/xwjj/mxpvfeen/idxjqquue.java
> files/abknl/bbxudleuf/jlffhq/y/xwjj/mxpvfeen/ll.class
> files/abknl/bbxudleuf/jlffhq/y/xwjj/mxpvfeen/ll.java
> files/abknl/bbxudleuf/jlffhq/y/xwjj/mxpvfeen/llv.class
> files/abknl/bbxudleuf/jlffhq/y/xwjj/mxpvfeen/llv.java
> files/abknl/bbxudleuf/jlffhq/y/xwjj/mxpvfeen/mdbjiffrr.class
> files/abknl/bbxudleuf/jlffhq/y/xwjj/mxpvfeen/mdbjiffrr.java
> files/abknl/bbxudleuf/jlffhq/y/xwjj/mxpvfeen/mibyvbrkh.class
> files/abknl/bbxudleuf/jlffhq/y/xwjj/mxpvfeen/mibyvbrkh.java
> files/abknl/bbxudleuf/jlffhq/y/xwjj/mxpvfeen/njpwyue/cmh.jpg
> files/abknl/bbxudleuf/jlffhq/y/xwjj/mxpvfeen/njpwyue/hqjkba.jpg
> files/abknl/bbxudleuf/jlffhq/y/xwjj/mxpvfeen/njpwyue/okgqhbqh.jpg
> files/abknl/bbxudleuf/jlffhq/y/xwjj/mxpvfeen/njpwyue/sctitujmv.jpg
> files/abknl/bbxudleuf/jlffhq/y/xwjj/mxpvfeen/njpwyue/yaycfi.jpg
> files/abknl/bbxudleuf/jlffhq/y/xwjj/mxpvfeen/nte.class
> files/abknl/bbxudleuf/jlffhq/y/xwjj/mxpvfeen/nte.java
> files/abknl/bbxudleuf/jlffhq/y/xwjj/mxpvfeen/porixblaxd.class
> files/abknl/bbxudleuf/jlffhq/y/xwjj/mxpvfeen/porixblaxd.java
> files/abknl/bbxudleuf/jlffhq/y/xwjj/mxpvfeen/pqpsatn.class
> files/abknl/bbxudleuf/jlffhq/y/xwjj/mxpvfeen/pqpsatn.java
> files/abknl/bbxudleuf/jlffhq/y/xwjj/mxpvfeen/ql.class
> files/abknl/bbxudleuf/jlffhq/y/xwjj/mxpvfeen/ql.java
> files/abknl/bbxudleuf/jlffhq/y/xwjj/mxpvfeen/rfgyqysp.class
> files/abknl/bbxudleuf/jlffhq/y/xwjj/mxpvfeen/rfgyqysp.java
> files/abknl/bbxudleuf/jlffhq/y/xwjj/mxpvfeen/thlppuxwac.class
> files/abknl/bbxudleuf/jlffhq/y/xwjj/mxpvfeen/thlppuxwac.java
> files/abknl/bbxudleuf/jlffhq/y/xwjj/mxpvfeen/tvlyewludr.class
> files/abknl/bbxudleuf/jlffhq/y/xwjj/mxpvfeen/tvlyewludr.java
> files/abknl/bbxudleuf/jlffhq/y/xwjj/mxpvfeen/umhya.class
> files/abknl/bbxudleuf/jlffhq/y/xwjj/mxpvfeen/umhya.java
> files/abknl/bbxudleuf/jlffhq/y/xwjj/mxpvfeen/vyab.class
> files/abknl/bbxudleuf/jlffhq/y/xwjj/mxpvfeen/vyab.java
> files/abknl/bbxudleuf/jlffhq/y/xwjj/mxpvfeen/whqr.class
> files/abknl/bbxudleuf/jlffhq/y/xwjj/mxpvfeen/whqr.java
> files/abknl/bbxudleuf/jlffhq/y/xwjj/mxpvfeen/xrsopuw.class
> files/abknl/bbxudleuf/jlffhq/y/xwjj/mxpvfeen/xrsopuw.java
> files/abknl/bbxudleuf/jlffhq/y/xwjj/mxpvfeen/xxb.class
> files/abknl/bbxudleuf/jlffhq/y/xwjj/mxpvfeen/xxb.java
> files/abknl/bbxudleuf/jlffhq/y/xwjj/ngysjp/hnwtmqxiao.class
> files/abknl/bbxudleuf/jlffhq/y/xwjj/ngysjp/hnwtmqxiao.java
> files/abknl/bbxudleuf/jlffhq/y/xwjj/ngysjp/isnwfauel.class
> files/abknl/bbxudleuf/jlffhq/y/xwjj/ngysjp/isnwfauel.java
> files/abknl/bbxudleuf/jlffhq/y/xwjj/ngysjp/ka.class
> files/abknl/bbxudleuf/jlffhq/y/xwjj/ngysjp/ka.java
> files/abknl/bbxudleuf/jlffhq/y/xwjj/ngysjp/maywylc.class
> files/abknl/bbxudleuf/jlffhq/y/xwjj/ngysjp/maywylc.java
> files/abknl/bbxudleuf/jlffhq/y/xwjj/ngysjp/npohev.class
> files/abknl/bbxudleuf/jlffhq/y/xwjj/ngysjp/npohev.java
> files/abknl/bbxudleuf/jlffhq/y/xwjj/ohv/.class
> files/abknl/bbxudleuf/jlffhq/y/xwjj/ohv/.java
> files/abknl/bbxudleuf/jlffhq/y/xwjj/ohv/exdxsnvx.class
> files/abknl/bbxudleuf/jlffhq/y/xwjj/ohv/exdxsnvx.java
> files/abknl/bbxudleuf/jlffhq/y/xwjj/ohv/f.class
> files/abknl/bbxudleuf/jlffhq/y/xwjj/ohv/f.java
> files/abknl/bbxudleuf/jlffhq/y/xwjj/ohv/hgfotv.class
> files/abknl/bbxudleuf/jlffhq/y/xwjj/ohv/hgfotv.java
> files/abknl/bbxudleuf/jlffhq/y/xwjj/ohv/isif.class
> files/abknl/bbxudleuf/jlffhq/y/xwjj/ohv/isif.java
> files/abknl/bbxudleuf/jlffhq/y/xwjj/ohv/jmuki.class
> files/abknl/bbxudleuf/jlffhq/y/xwjj/ohv/jmuki.java
> files/abknl/bbxudleuf/jlffhq/y/xwjj/ohv/kh/eknlutcur.gif
> files/abknl/bbxudleuf/jlffhq/y/xwjj/ohv/kh/knclltmw.gif
> files/abknl/bbxudleuf/jlffhq/y/xwjj/ohv/kh/orwnqradrp.gif
> files/abknl/bbxudleuf/jlffhq/y/xwjj/ohv/kh/shhybcptjq.gif
> files/abknl/bbxudleuf/jlffhq/y/xwjj/ohv/kh/ta.gif
> files/abknl/bbxudleuf/jlffhq/y/xwjj/ohv/kmk.class
> files/abknl/bbxudleuf/jlffhq/y/xwjj/ohv/kmk.java
> files/abknl/bbxudleuf/jlffhq/y/xwjj/ohv/lkknve.class
> files/abknl/bbxudleuf/jlffhq/y/xwjj/ohv/lkknve.java
> files/abknl/bbxudleuf/jlffhq/y/xwjj/ohv/nbmwflw.class
> files/abknl/bbxudleuf/jlffhq/y/xwjj/ohv/nbmwflw.java
> files/abknl/bbxudleuf/jlffhq/y/xwjj/ohv/of.class
> files/abknl/bbxudleuf/jlffhq/y/xwjj/ohv/of.java
> files/abknl/bbxudleuf/jlffhq/y/xwjj/ohv/tapsfhxcx.class
> files/abknl/bbxudleuf/jlffhq/y/xwjj/ohv/tapsfhxcx.java
> files/abknl/bbxudleuf/jlffhq/y/xwjj/ohv/tlrufq.class
> files/abknl/bbxudleuf/jlffhq/y/xwjj/ohv/tlrufq.java
> files/abknl/bbxudleuf/jlffhq/y/xwjj/ohv/ud.class
> files/abknl/bbxudleuf/jlffhq/y/xwjj/ohv/ud.java
> files/abknl/bbxudleuf/jlffhq/y/xwjj/ohv/upu.class
> files/abknl/bbxudleuf/jlffhq/y/xwjj/ohv/upu.java
> files/abknl/bbxudleuf/jlffhq/y/xwjj/ohv/ygfhjihlo.class
> files/abknl/bbxudleuf/jlffhq/y/xwjj/ohv/ygfhjihlo.java
> files/abknl/bbxudleuf/jlffhq/y/xwjj/st/f.java
> files/abknl/bbxudleuf/jlffhq/y/xwjj/st/lkh/a.html
> files/abknl/bbxudleuf/jlffhq/y/xwjj/st/lkh/hlnkgvuv.html
> files/abknl/bbxudleuf/jlffhq/y/xwjj/st/lkh/q.html
> files/abknl/bbxudleuf/jlffhq/y/xwjj/st/lkh/urq.html
> files/abknl/bbxudleuf/jlffhq/y/xwjj/st/lkh/yybbkgeuby.html
> files/abknl/bbxudleuf/jlffhq/y/xwjj/st/pmkv.java
> files/abknl/bbxudleuf/jlffhq/y/xwjj/st/qysjfvvok.java
> files/abknl/bbxudleuf/jlffhq/y/xwjj/st/sxpqroslse.java
> files/abknl/bbxudleuf/jlffhq/y/xwjj/st/vbhmg.java
> files/abknl/bbxudleuf/jlffhq/y/xwjj/tueljn/ghx.html
> files/abknl/bbxudleuf/jlffhq/y/xwjj/tueljn/ih.html
> files/abknl/bbxudleuf/jlffhq/y/xwjj/tueljn/mtorhuysx.html
> files/abknl/bbxudleuf/jlffhq/y/xwjj/tueljn/nuvoshcltm.html
> files/abknl/bbxudleuf/jlffhq/y/xwjj/tueljn/vkbtmacv.html
> files/abknl/bbxudleuf/jlffhq/y/xwjj/uloy/bcru.class
> files/abknl/bbxudleuf/jlffhq/y/xwjj/uloy/bcru.java
> files/abknl/bbxudleuf/jlffhq/y/xwjj/uloy/fevjv.class
> files/abknl/bbxudleuf/jlffhq/y/xwjj/uloy/fevjv.java
> files/abknl/bbxudleuf/jlffhq/y/xwjj/uloy/jhyslciqa.class
> files/abknl/bbxudleuf/jlffhq/y/xwjj/uloy/jhyslciqa.java
> files/abknl/bbxudleuf/jlffhq/y/xwjj/uloy/kuwrvvg.class
> files/abknl/bbxudleuf/jlffhq/y/xwjj/uloy/kuwrvvg.java
> files/abknl/bbxudleuf/jlffhq/y/xwjj/uloy/lu.class
> files/abknl/bbxudleuf/jlffhq/y/xwjj/uloy/lu.java
> files/abknl/bbxudleuf/jlffhq/y/xwjj/uloy/mypopbjaf.class
> files/abknl/bbxudleuf/jlffhq/y/xwjj/uloy/mypopbjaf.java
> files/abknl/bbxudleuf/jlffhq/y/xwjj/uloy/ncsicqmji.class
> files/abknl/bbxudleuf/jlffhq/y/xwjj/uloy/ncsicqmji.java
> files/abknl/bbxudleuf/jlffhq/y/xwjj/uloy/ovooxq.class
> files/abknl/bbxudleuf/jlffhq/y/xwjj/uloy/ovooxq.java
> files/abknl/bbxudleuf/jlffhq/y/xwjj/uloy/uw.class
> files/abknl/bbxudleuf/jlffhq/y/xwjj/uloy/uw.java
> files/abknl/bbxudleuf/jlffhq/y/xwjj/uloy/xrtovviji.class
> files/abknl/bbxudleuf/jlffhq/y/xwjj/uloy/xrtovviji.java
> files/abknl/bbxudleuf/jlffhq/y/xwjj/xem/a.java
> files/abknl/bbxudleuf/jlffhq/y/xwjj/xem/df.java
> files/abknl/bbxudleuf/jlffhq/y/xwjj/xem/msgue.java
> files/abknl/bbxudleuf/jlffhq/y/xwjj/xem/patpqq.java
> files/abknl/bbxudleuf/jlffhq/y/xwjj/xem/r.java
> files/abknl/bbxudleuf/jlffhq/y/xwjj/xem/ucwthrloao.java
> files/abknl/bbxudleuf/jlffhq/y/xwjj/xem/vj.java
> files/abknl/bbxudleuf/jlffhq/y/xwjj/xem/wwaq.java
> files/abknl/bbxudleuf/jlffhq/y/xwjj/xem/xhqiyytvt.java
> files/abknl/bbxudleuf/jlffhq/y/xwjj/xem/y.java
> files/abknl/bbxudleuf/jlffhq/y/xwjj/xrhyhq/ijklr/afdeesbbb.class
> files/abknl/bbxudleuf/jlffhq/y/xwjj/xrhyhq/ijklr/afdeesbbb.java
> files/abknl/bbxudleuf/jlffhq/y/xwjj/xrhyhq/ijklr/bm.txt
> files/abknl/bbxudleuf/jlffhq/y/xwjj/xrhyhq/ijklr/btufynbqo.txt
> files/abknl/bbxudleuf/jlffhq/y/xwjj/xrhyhq/ijklr/ckovsovu.sh
> files/abknl/bbxudleuf/jlffhq/y/xwjj/xrhyhq/ijklr/fssh.class
> files/abknl/bbxudleuf/jlffhq/y/xwjj/xrhyhq/ijklr/fssh.java
> files/abknl/bbxudleuf/jlffhq/y/xwjj/xrhyhq/ijklr/ftdabsvjdr.class
> files/abknl/bbxudleuf/jlffhq/y/xwjj/xrhyhq/ijklr/ftdabsvjdr.java
> files/abknl/bbxudleuf/jlffhq/y/xwjj/xrhyhq/ijklr/jiq.sh
> files/abknl/bbxudleuf/jlffhq/y/xwjj/xrhyhq/ijklr/ll.class
> files/abknl/bbxudleuf/jlffhq/y/xwjj/xrhyhq/ijklr/ll.java
> files/abknl/bbxudleuf/jlffhq/y/xwjj/xrhyhq/ijklr/lsfm.sh
> files/abknl/bbxudleuf/jlffhq/y/xwjj/xrhyhq/ijklr/osui.txt
> files/abknl/bbxudleuf/jlffhq/y/xwjj/xrhyhq/ijklr/p.sh
> files/abknl/bbxudleuf/jlffhq/y/xwjj/xrhyhq/ijklr/skps.class
> files/abknl/bbxudleuf/jlffhq/y/xwjj/xrhyhq/ijklr/skps.java
> files/abknl/bbxudleuf/jlffhq/y/xwjj/xrhyhq/ijklr/tptgldw.txt
> files/abknl/bbxudleuf/jlffhq/y/xwjj/xrhyhq/ijklr/tua.sh
> files/abknl/bbxudleuf/jlffhq/y/xwjj/xrhyhq/ijklr/tvhrlcny.txt
> files/abknl/bbxudleuf/lib/log4j-1.2.9.jar
> files/abknl/bbxudleuf/mxb/a.html
> files/abknl/bbxudleuf/mxb/cheiecypek.html
> files/abknl/bbxudleuf/mxb/ebe.html
> files/abknl/bbxudleuf/mxb/fe/ndmg/a.html
> files/abknl/bbxudleuf/mxb/fe/ndmg/abulfamwy/ixh.html
> files/abknl/bbxudleuf/mxb/fe/ndmg/abulfamwy/lumv.html
> files/abknl/bbxudleuf/mxb/fe/ndmg/abulfamwy/ol.html
> files/abknl/bbxudleuf/mxb/fe/ndmg/abulfamwy/rjve.html
> files/abknl/bbxudleuf/mxb/fe/ndmg/abulfamwy/vilfsokjo.html
> files/abknl/bbxudleuf/mxb/fe/ndmg/axapxuco.html
> files/abknl/bbxudleuf/mxb/fe/ndmg/bryrtcenlb.html
> files/abknl/bbxudleuf/mxb/fe/ndmg/bvjuq.html
> files/abknl/bbxudleuf/mxb/fe/ndmg/c.html
> files/abknl/bbxudleuf/mxb/fe/ndmg/cymfwtw.html
> files/abknl/bbxudleuf/mxb/fe/ndmg/d.html
> files/abknl/bbxudleuf/mxb/fe/ndmg/duwr.html
> files/abknl/bbxudleuf/mxb/fe/ndmg/dwgjlv.html
> files/abknl/bbxudleuf/mxb/fe/ndmg/fqkumi.html
> files/abknl/bbxudleuf/mxb/fe/ndmg/ftefqapa.html
> files/abknl/bbxudleuf/mxb/fe/ndmg/geaoi.html
> files/abknl/bbxudleuf/mxb/fe/ndmg/goluda.html
> files/abknl/bbxudleuf/mxb/fe/ndmg/hlrrslhr/bsiixe.html
> files/abknl/bbxudleuf/mxb/fe/ndmg/hlrrslhr/cd.html
> files/abknl/bbxudleuf/mxb/fe/ndmg/hlrrslhr/eiajvmby.html
> files/abknl/bbxudleuf/mxb/fe/ndmg/hlrrslhr/fbxlswatpg.html
> files/abknl/bbxudleuf/mxb/fe/ndmg/hlrrslhr/fyas.html
> files/abknl/bbxudleuf/mxb/fe/ndmg/hlrrslhr/gshckico.html
> files/abknl/bbxudleuf/mxb/fe/ndmg/hlrrslhr/ijdk.html
> files/abknl/bbxudleuf/mxb/fe/ndmg/hlrrslhr/ik.html
> files/abknl/bbxudleuf/mxb/fe/ndmg/hlrrslhr/j.html
> files/abknl/bbxudleuf/mxb/fe/ndmg/hlrrslhr/pxlslkgn.html
> files/abknl/bbxudleuf/mxb/fe/ndmg/hlrrslhr/qcsbidk.html
> files/abknl/bbxudleuf/mxb/fe/ndmg/hlrrslhr/rowugarj.html
> files/abknl/bbxudleuf/mxb/fe/ndmg/hlrrslhr/ssdldtjs.html
> files/abknl/bbxudleuf/mxb/fe/ndmg/hlrrslhr/udhqheuxg.html
> files/abknl/bbxudleuf/mxb/fe/ndmg/hlrrslhr/wqslfcld.html
> files/abknl/bbxudleuf/mxb/fe/ndmg/jlyfnq/cri.html
> files/abknl/bbxudleuf/mxb/fe/ndmg/jlyfnq/dxeoly.html
> files/abknl/bbxudleuf/mxb/fe/ndmg/jlyfnq/f.html
> files/abknl/bbxudleuf/mxb/fe/ndmg/jlyfnq/fsil.html
> files/abknl/bbxudleuf/mxb/fe/ndmg/jlyfnq/hbbogxv.html
> files/abknl/bbxudleuf/mxb/fe/ndmg/jlyfnq/jlmvsflw.html
> files/abknl/bbxudleuf/mxb/fe/ndmg/jlyfnq/jwpgkipko.html
> files/abknl/bbxudleuf/mxb/fe/ndmg/jlyfnq/jy.html
> files/abknl/bbxudleuf/mxb/fe/ndmg/jlyfnq/kbwgxbry.html
> files/abknl/bbxudleuf/mxb/fe/ndmg/jlyfnq/kwrod.html
> files/abknl/bbxudleuf/mxb/fe/ndmg/jlyfnq/lddema.html
> files/abknl/bbxudleuf/mxb/fe/ndmg/jlyfnq/q.html
> files/abknl/bbxudleuf/mxb/fe/ndmg/jlyfnq/rktmk.html
> files/abknl/bbxudleuf/mxb/fe/ndmg/jlyfnq/u.html
> files/abknl/bbxudleuf/mxb/fe/ndmg/jlyfnq/ukd.html
> files/abknl/bbxudleuf/mxb/fe/ndmg/jws/akjik.html
> files/abknl/bbxudleuf/mxb/fe/ndmg/jws/ar.html
> files/abknl/bbxudleuf/mxb/fe/ndmg/jws/awsfsdjr.html
> files/abknl/bbxudleuf/mxb/fe/ndmg/jws/btipjdgi.html
> files/abknl/bbxudleuf/mxb/fe/ndmg/jws/cpheh.html
> files/abknl/bbxudleuf/mxb/fe/ndmg/jws/d.html
> files/abknl/bbxudleuf/mxb/fe/ndmg/jws/ddnvfh.html
> files/abknl/bbxudleuf/mxb/fe/ndmg/jws/ehynhjcte.html
> files/abknl/bbxudleuf/mxb/fe/ndmg/jws/evtfbdqxma.html
> files/abknl/bbxudleuf/mxb/fe/ndmg/jws/fuxtlpeie.html
> files/abknl/bbxudleuf/mxb/fe/ndmg/jws/hooq.html
> files/abknl/bbxudleuf/mxb/fe/ndmg/jws/jfyts.html
> files/abknl/bbxudleuf/mxb/fe/ndmg/jws/kcfnwrow.html
> files/abknl/bbxudleuf/mxb/fe/ndmg/jws/kymil.html
> files/abknl/bbxudleuf/mxb/fe/ndmg/jws/lhim.html
> files/abknl/bbxudleuf/mxb/fe/ndmg/jws/lymnd.html
> files/abknl/bbxudleuf/mxb/fe/ndmg/jws/m.html
> files/abknl/bbxudleuf/mxb/fe/ndmg/jws/mujqfg.html
> files/abknl/bbxudleuf/mxb/fe/ndmg/jws/p.html
> files/abknl/bbxudleuf/mxb/fe/ndmg/jws/peibdh.html
> files/abknl/bbxudleuf/mxb/fe/ndmg/jws/pvvxkitpu.html
> files/abknl/bbxudleuf/mxb/fe/ndmg/jws/ri.html
> files/abknl/bbxudleuf/mxb/fe/ndmg/jws/sicl.html
> files/abknl/bbxudleuf/mxb/fe/ndmg/jws/smt.html
> files/abknl/bbxudleuf/mxb/fe/ndmg/jws/sopeh.html
> files/abknl/bbxudleuf/mxb/fe/ndmg/jws/ssucfsme.html
> files/abknl/bbxudleuf/mxb/fe/ndmg/jws/truewt.html
> files/abknl/bbxudleuf/mxb/fe/ndmg/jws/ttfmr.html
> files/abknl/bbxudleuf/mxb/fe/ndmg/jws/ulidh.html
> files/abknl/bbxudleuf/mxb/fe/ndmg/jws/vce.html
> files/abknl/bbxudleuf/mxb/fe/ndmg/jws/vsy.html
> files/abknl/bbxudleuf/mxb/fe/ndmg/jws/w.html
> files/abknl/bbxudleuf/mxb/fe/ndmg/jws/wueohgya/dfwg.gif
> files/abknl/bbxudleuf/mxb/fe/ndmg/jws/wueohgya/ehssehcf.gif
> files/abknl/bbxudleuf/mxb/fe/ndmg/jws/wueohgya/j.gif
> files/abknl/bbxudleuf/mxb/fe/ndmg/jws/wueohgya/rloll.gif
> files/abknl/bbxudleuf/mxb/fe/ndmg/jws/wueohgya/xq.gif
> files/abknl/bbxudleuf/mxb/fe/ndmg/jws/wy.html
> files/abknl/bbxudleuf/mxb/fe/ndmg/jws/yipsjkl.html
> files/abknl/bbxudleuf/mxb/fe/ndmg/jws/yjyy.html
> files/abknl/bbxudleuf/mxb/fe/ndmg/kjy.html
> files/abknl/bbxudleuf/mxb/fe/ndmg/krsggajpb/ilfdvmi/aeimluk.html
> files/abknl/bbxudleuf/mxb/fe/ndmg/krsggajpb/ilfdvmi/igvckrurl.html
> files/abknl/bbxudleuf/mxb/fe/ndmg/krsggajpb/ilfdvmi/jchmvj.html
> files/abknl/bbxudleuf/mxb/fe/ndmg/krsggajpb/ilfdvmi/lcqa.html
> files/abknl/bbxudleuf/mxb/fe/ndmg/krsggajpb/ilfdvmi/rcqrqpg.html
> files/abknl/bbxudleuf/mxb/fe/ndmg/l.html
> files/abknl/bbxudleuf/mxb/fe/ndmg/lcmtbfmj.html
> files/abknl/bbxudleuf/mxb/fe/ndmg/lfunhywp.html
> files/abknl/bbxudleuf/mxb/fe/ndmg/m.html
> files/abknl/bbxudleuf/mxb/fe/ndmg/n.html
> files/abknl/bbxudleuf/mxb/fe/ndmg/nfrcr.html
> files/abknl/bbxudleuf/mxb/fe/ndmg/nhlcgamg.html
> files/abknl/bbxudleuf/mxb/fe/ndmg/njwpjyes.html
> files/abknl/bbxudleuf/mxb/fe/ndmg/nntijq.html
> files/abknl/bbxudleuf/mxb/fe/ndmg/nsxudt.html
> files/abknl/bbxudleuf/mxb/fe/ndmg/nycnm.html
> files/abknl/bbxudleuf/mxb/fe/ndmg/nye.html
> files/abknl/bbxudleuf/mxb/fe/ndmg/nyechmyv.html
> files/abknl/bbxudleuf/mxb/fe/ndmg/ojv.html
> files/abknl/bbxudleuf/mxb/fe/ndmg/oq.html
> files/abknl/bbxudleuf/mxb/fe/ndmg/otskqcqxcd/bmffnkje.html
> files/abknl/bbxudleuf/mxb/fe/ndmg/otskqcqxcd/cqldcg.html
> files/abknl/bbxudleuf/mxb/fe/ndmg/otskqcqxcd/dieluusoop.html
> files/abknl/bbxudleuf/mxb/fe/ndmg/otskqcqxcd/dorpefwm.html
> files/abknl/bbxudleuf/mxb/fe/ndmg/otskqcqxcd/edqpsqc.html
> files/abknl/bbxudleuf/mxb/fe/ndmg/otskqcqxcd/eknyjtfh.html
> files/abknl/bbxudleuf/mxb/fe/ndmg/otskqcqxcd/hdt.html
> files/abknl/bbxudleuf/mxb/fe/ndmg/otskqcqxcd/i.html
> files/abknl/bbxudleuf/mxb/fe/ndmg/otskqcqxcd/lvfil.html
> files/abknl/bbxudleuf/mxb/fe/ndmg/otskqcqxcd/mbww.html
> files/abknl/bbxudleuf/mxb/fe/ndmg/otskqcqxcd/mrc.html
> files/abknl/bbxudleuf/mxb/fe/ndmg/otskqcqxcd/nfmqapuvty.html
> files/abknl/bbxudleuf/mxb/fe/ndmg/otskqcqxcd/oakt.html
> files/abknl/bbxudleuf/mxb/fe/ndmg/otskqcqxcd/otcq.html
> files/abknl/bbxudleuf/mxb/fe/ndmg/otskqcqxcd/rrrdmx.html
> files/abknl/bbxudleuf/mxb/fe/ndmg/otskqcqxcd/uja.html
> files/abknl/bbxudleuf/mxb/fe/ndmg/otskqcqxcd/vr.html
> files/abknl/bbxudleuf/mxb/fe/ndmg/otskqcqxcd/vrpmghc.html
> files/abknl/bbxudleuf/mxb/fe/ndmg/otskqcqxcd/xnmwd/cjckpxsh.gif
> files/abknl/bbxudleuf/mxb/fe/ndmg/otskqcqxcd/xnmwd/klnesulbba.gif
> files/abknl/bbxudleuf/mxb/fe/ndmg/otskqcqxcd/xnmwd/nlea.gif
> files/abknl/bbxudleuf/mxb/fe/ndmg/otskqcqxcd/xnmwd/recxdlcoy.gif
> files/abknl/bbxudleuf/mxb/fe/ndmg/otskqcqxcd/xnmwd/uksicytlt.gif
> files/abknl/bbxudleuf/mxb/fe/ndmg/otskqcqxcd/xvqfiu.html
> files/abknl/bbxudleuf/mxb/fe/ndmg/pjhh/ahfevdxw.html
> files/abknl/bbxudleuf/mxb/fe/ndmg/pjhh/anw.html
> files/abknl/bbxudleuf/mxb/fe/ndmg/pjhh/clrop.html
> files/abknl/bbxudleuf/mxb/fe/ndmg/pjhh/docxuvvg/org_snmp4j_asn1.gif
> files/abknl/bbxudleuf/mxb/fe/ndmg/pjhh/gn.html
> files/abknl/bbxudleuf/mxb/fe/ndmg/pjhh/gxigy.html
> files/abknl/bbxudleuf/mxb/fe/ndmg/pjhh/haqluqysd.html
> files/abknl/bbxudleuf/mxb/fe/ndmg/pjhh/lafgbwr.html
> files/abknl/bbxudleuf/mxb/fe/ndmg/pjhh/oul.html
> files/abknl/bbxudleuf/mxb/fe/ndmg/pjhh/pfpygj.html
> files/abknl/bbxudleuf/mxb/fe/ndmg/pjhh/xjoxpxc.html
> files/abknl/bbxudleuf/mxb/fe/ndmg/pox.html
> files/abknl/bbxudleuf/mxb/fe/ndmg/poxtp.html
> files/abknl/bbxudleuf/mxb/fe/ndmg/q.html
> files/abknl/bbxudleuf/mxb/fe/ndmg/qsj.html
> files/abknl/bbxudleuf/mxb/fe/ndmg/qyd/acw.html
> files/abknl/bbxudleuf/mxb/fe/ndmg/qyd/b.html
> files/abknl/bbxudleuf/mxb/fe/ndmg/qyd/bp.html
> files/abknl/bbxudleuf/mxb/fe/ndmg/qyd/dqlumk.html
> files/abknl/bbxudleuf/mxb/fe/ndmg/qyd/eaffbx.html
> files/abknl/bbxudleuf/mxb/fe/ndmg/qyd/emdwnhqhe.html
> files/abknl/bbxudleuf/mxb/fe/ndmg/qyd/ena.html
> files/abknl/bbxudleuf/mxb/fe/ndmg/qyd/eta.html
> files/abknl/bbxudleuf/mxb/fe/ndmg/qyd/fkhivvi.html
> files/abknl/bbxudleuf/mxb/fe/ndmg/qyd/fsu.html
> files/abknl/bbxudleuf/mxb/fe/ndmg/qyd/j.html
> files/abknl/bbxudleuf/mxb/fe/ndmg/qyd/kh.html
> files/abknl/bbxudleuf/mxb/fe/ndmg/qyd/kitiht.html
> files/abknl/bbxudleuf/mxb/fe/ndmg/qyd/lj.html
> files/abknl/bbxudleuf/mxb/fe/ndmg/qyd/mquvdbcdg.html
> files/abknl/bbxudleuf/mxb/fe/ndmg/qyd/msdwqskv.html
> files/abknl/bbxudleuf/mxb/fe/ndmg/qyd/n.html
> files/abknl/bbxudleuf/mxb/fe/ndmg/qyd/nkirrk.html
> files/abknl/bbxudleuf/mxb/fe/ndmg/qyd/oppufba.html
> files/abknl/bbxudleuf/mxb/fe/ndmg/qyd/u.html
> files/abknl/bbxudleuf/mxb/fe/ndmg/qyd/udnuajm.html
> files/abknl/bbxudleuf/mxb/fe/ndmg/qyd/ufbovu.html
> files/abknl/bbxudleuf/mxb/fe/ndmg/qyd/umeniys.html
> files/abknl/bbxudleuf/mxb/fe/ndmg/qyd/w.html
> files/abknl/bbxudleuf/mxb/fe/ndmg/qyd/wjlwewl.html
> files/abknl/bbxudleuf/mxb/fe/ndmg/qyd/wwykfec.html
> files/abknl/bbxudleuf/mxb/fe/ndmg/qyd/yfi.html
> files/abknl/bbxudleuf/mxb/fe/ndmg/qyd/ylaaxd.html
> files/abknl/bbxudleuf/mxb/fe/ndmg/qyd/yvh.html
> files/abknl/bbxudleuf/mxb/fe/ndmg/r.html
> files/abknl/bbxudleuf/mxb/fe/ndmg/rcljjwkdh.html
> files/abknl/bbxudleuf/mxb/fe/ndmg/sg.html
> files/abknl/bbxudleuf/mxb/fe/ndmg/ssbtsmomvp.html
> files/abknl/bbxudleuf/mxb/fe/ndmg/tbspokyvw.html
> files/abknl/bbxudleuf/mxb/fe/ndmg/tmm.html
> files/abknl/bbxudleuf/mxb/fe/ndmg/tqdsx.html
> files/abknl/bbxudleuf/mxb/fe/ndmg/transport/AbstractTransportMapping.html
> files/abknl/bbxudleuf/mxb/fe/ndmg/transport/ConnectionOrientedTransportMapping.html
> files/abknl/bbxudleuf/mxb/fe/ndmg/transport/DefaultTcpTransportMapping.SnmpMesssageLengthDecoder.html
> files/abknl/bbxudleuf/mxb/fe/ndmg/transport/DefaultTcpTransportMapping.html
> files/abknl/bbxudleuf/mxb/fe/ndmg/transport/DefaultUdpTransportMapping.html
> files/abknl/bbxudleuf/mxb/fe/ndmg/transport/MessageLength.html
> files/abknl/bbxudleuf/mxb/fe/ndmg/transport/MessageLengthDecoder.html
> files/abknl/bbxudleuf/mxb/fe/ndmg/transport/TcpTransportMapping.html
> files/abknl/bbxudleuf/mxb/fe/ndmg/transport/TransportListener.html
> files/abknl/bbxudleuf/mxb/fe/ndmg/transport/TransportMappings.html
> files/abknl/bbxudleuf/mxb/fe/ndmg/transport/TransportStateEvent.html
> files/abknl/bbxudleuf/mxb/fe/ndmg/transport/TransportStateListener.html
> files/abknl/bbxudleuf/mxb/fe/ndmg/transport/UdpTransportMapping.html
> files/abknl/bbxudleuf/mxb/fe/ndmg/transport/UnsupportedAddressClassException.html
> files/abknl/bbxudleuf/mxb/fe/ndmg/transport/doc-files/org_snmp4j_transport.gif
> files/abknl/bbxudleuf/mxb/fe/ndmg/transport/package-frame.html
> files/abknl/bbxudleuf/mxb/fe/ndmg/transport/package-summary.html
> files/abknl/bbxudleuf/mxb/fe/ndmg/transport/package-tree.html
> files/abknl/bbxudleuf/mxb/fe/ndmg/ty.html
> files/abknl/bbxudleuf/mxb/fe/ndmg/u/a.html
> files/abknl/bbxudleuf/mxb/fe/ndmg/u/absi.html
> files/abknl/bbxudleuf/mxb/fe/ndmg/u/ai.html
> files/abknl/bbxudleuf/mxb/fe/ndmg/u/ailo.html
> files/abknl/bbxudleuf/mxb/fe/ndmg/u/anea.html
> files/abknl/bbxudleuf/mxb/fe/ndmg/u/bna.html
> files/abknl/bbxudleuf/mxb/fe/ndmg/u/bpbyysl.html
> files/abknl/bbxudleuf/mxb/fe/ndmg/u/cjoyk.html
> files/abknl/bbxudleuf/mxb/fe/ndmg/u/cqv.html
> files/abknl/bbxudleuf/mxb/fe/ndmg/u/fnhvel.html
> files/abknl/bbxudleuf/mxb/fe/ndmg/u/h.html
> files/abknl/bbxudleuf/mxb/fe/ndmg/u/hciatlse.html
> files/abknl/bbxudleuf/mxb/fe/ndmg/u/hotdtix.html
> files/abknl/bbxudleuf/mxb/fe/ndmg/u/hqfrasm.html
> files/abknl/bbxudleuf/mxb/fe/ndmg/u/jofrwg.html
> files/abknl/bbxudleuf/mxb/fe/ndmg/u/kiqaul.html
> files/abknl/bbxudleuf/mxb/fe/ndmg/u/kq.html
> files/abknl/bbxudleuf/mxb/fe/ndmg/u/ksj.html
> files/abknl/bbxudleuf/mxb/fe/ndmg/u/ljwsg.html
> files/abknl/bbxudleuf/mxb/fe/ndmg/u/lmjeqy.html
> files/abknl/bbxudleuf/mxb/fe/ndmg/u/mbboj.html
> files/abknl/bbxudleuf/mxb/fe/ndmg/u/ntled.html
> files/abknl/bbxudleuf/mxb/fe/ndmg/u/ohgma.html
> files/abknl/bbxudleuf/mxb/fe/ndmg/u/puykdxo.html
> files/abknl/bbxudleuf/mxb/fe/ndmg/u/q.html
> files/abknl/bbxudleuf/mxb/fe/ndmg/u/qakocujhp.html
> files/abknl/bbxudleuf/mxb/fe/ndmg/u/rjuhx.html
> files/abknl/bbxudleuf/mxb/fe/ndmg/u/sbing.html
> files/abknl/bbxudleuf/mxb/fe/ndmg/u/selsqw.html
> files/abknl/bbxudleuf/mxb/fe/ndmg/u/tiurdn.html
> files/abknl/bbxudleuf/mxb/fe/ndmg/u/toqmqck.html
> files/abknl/bbxudleuf/mxb/fe/ndmg/u/ukmyn.html
> files/abknl/bbxudleuf/mxb/fe/ndmg/u/umfpe.html
> files/abknl/bbxudleuf/mxb/fe/ndmg/u/version/VersionInfo.html
> files/abknl/bbxudleuf/mxb/fe/ndmg/u/version/package-frame.html
> files/abknl/bbxudleuf/mxb/fe/ndmg/u/version/package-summary.html
> files/abknl/bbxudleuf/mxb/fe/ndmg/u/version/package-tree.html
> files/abknl/bbxudleuf/mxb/fe/ndmg/u/vw.html
> files/abknl/bbxudleuf/mxb/fe/ndmg/u/vxrxutysu.html
> files/abknl/bbxudleuf/mxb/fe/ndmg/u/wrus.html
> files/abknl/bbxudleuf/mxb/fe/ndmg/u/wvftwgknh.html
> files/abknl/bbxudleuf/mxb/fe/ndmg/u/xhtuu.html
> files/abknl/bbxudleuf/mxb/fe/ndmg/u/ylxa.html
> files/abknl/bbxudleuf/mxb/fe/ndmg/uldosdybn/ai.gif
> files/abknl/bbxudleuf/mxb/fe/ndmg/uldosdybn/eflyopbx.gif
> files/abknl/bbxudleuf/mxb/fe/ndmg/uldosdybn/oa.gif
> files/abknl/bbxudleuf/mxb/fe/ndmg/uldosdybn/xeh.gif
> files/abknl/bbxudleuf/mxb/fe/ndmg/uldosdybn/ypt.gif
> files/abknl/bbxudleuf/mxb/fe/ndmg/unihtrnf.html
> files/abknl/bbxudleuf/mxb/fe/ndmg/wdak.html
> files/abknl/bbxudleuf/mxb/fe/ndmg/wol.html
> files/abknl/bbxudleuf/mxb/fe/ndmg/x.html
> files/abknl/bbxudleuf/mxb/fe/ndmg/xbuoojl.html
> files/abknl/bbxudleuf/mxb/fe/ndmg/xuwqneejh.html
> files/abknl/bbxudleuf/mxb/fe/ndmg/ychcpethg.html
> files/abknl/bbxudleuf/mxb/fe/ndmg/yriyer.html
> files/abknl/bbxudleuf/mxb/fe/ndmg/yyhubmre.html
> files/abknl/bbxudleuf/mxb/fof.html
> files/abknl/bbxudleuf/mxb/hson.html
> files/abknl/bbxudleuf/mxb/ilypc.html
> files/abknl/bbxudleuf/mxb/omuu.html
> files/abknl/bbxudleuf/mxb/phdbltr.html
> files/abknl/bbxudleuf/mxb/resources/inherit.gif
> files/abknl/bbxudleuf/mxb/rovm.html
> files/abknl/bbxudleuf/mxb/vuc.html
> files/abknl/bbxudleuf/ua/ruhtmcccv/h.jar
> files/abknl/bbxudleuf/ua/ruhtmcccv/jbmb.jar
> files/abknl/bbxudleuf/ua/ruhtmcccv/l.jar
> files/abknl/bbxudleuf/ua/ruhtmcccv/tiycbp.jar
> files/abknl/bbxudleuf/ua/ruhtmcccv/w.jar
170a737,1343
> files/abknl/ge/fdcahnwtrr/.java
> files/abknl/ge/fdcahnwtrr/aakfqidj.java
> files/abknl/ge/fdcahnwtrr/anouapps.java
> files/abknl/ge/fdcahnwtrr/avbm.java
> files/abknl/ge/fdcahnwtrr/axidr.java
> files/abknl/ge/fdcahnwtrr/b/auglgb.java
> files/abknl/ge/fdcahnwtrr/b/bhbpa.java
> files/abknl/ge/fdcahnwtrr/b/ebvqeu.java
> files/abknl/ge/fdcahnwtrr/b/fjfl.java
> files/abknl/ge/fdcahnwtrr/b/gbegdcdgc.java
> files/abknl/ge/fdcahnwtrr/b/inpqadic.java
> files/abknl/ge/fdcahnwtrr/b/iwfql.java
> files/abknl/ge/fdcahnwtrr/b/kpulm.java
> files/abknl/ge/fdcahnwtrr/b/ldaammh.java
> files/abknl/ge/fdcahnwtrr/b/lseudxtfsb.java
> files/abknl/ge/fdcahnwtrr/b/murcq.java
> files/abknl/ge/fdcahnwtrr/b/nv.java
> files/abknl/ge/fdcahnwtrr/b/owvc.java
> files/abknl/ge/fdcahnwtrr/b/pw.java
> files/abknl/ge/fdcahnwtrr/b/rwil.java
> files/abknl/ge/fdcahnwtrr/b/s.html
> files/abknl/ge/fdcahnwtrr/b/scubhiji.java
> files/abknl/ge/fdcahnwtrr/b/tncoe.java
> files/abknl/ge/fdcahnwtrr/b/vdipjvuky.java
> files/abknl/ge/fdcahnwtrr/b/xnjihnke.java
> files/abknl/ge/fdcahnwtrr/b/yuty.java
> files/abknl/ge/fdcahnwtrr/bgwxldibi.java
> files/abknl/ge/fdcahnwtrr/bhbtkdwh.java
> files/abknl/ge/fdcahnwtrr/bofcwvraax/fkcmsyxjeu.gif
> files/abknl/ge/fdcahnwtrr/bofcwvraax/gfhpokaee.png
> files/abknl/ge/fdcahnwtrr/bofcwvraax/ifxvgwew.gif
> files/abknl/ge/fdcahnwtrr/bofcwvraax/iqey.gif
> files/abknl/ge/fdcahnwtrr/bofcwvraax/iqvjltp.gif
> files/abknl/ge/fdcahnwtrr/bofcwvraax/iscvh.gif
> files/abknl/ge/fdcahnwtrr/bofcwvraax/jol.gif
> files/abknl/ge/fdcahnwtrr/bofcwvraax/rdojbyqsnc.gif
> files/abknl/ge/fdcahnwtrr/bofcwvraax/syuslg.gif
> files/abknl/ge/fdcahnwtrr/bofcwvraax/vayvabss.gif
> files/abknl/ge/fdcahnwtrr/bofcwvraax/xvdajnrb.gif
> files/abknl/ge/fdcahnwtrr/bpq.java
> files/abknl/ge/fdcahnwtrr/bsnngtx.java
> files/abknl/ge/fdcahnwtrr/bsuqum.java
> files/abknl/ge/fdcahnwtrr/btrtnk.java
> files/abknl/ge/fdcahnwtrr/bxf.java
> files/abknl/ge/fdcahnwtrr/c.java
> files/abknl/ge/fdcahnwtrr/cbgpstqq.java
> files/abknl/ge/fdcahnwtrr/cgn.java
> files/abknl/ge/fdcahnwtrr/ci.java
> files/abknl/ge/fdcahnwtrr/ckycowlcfp.java
> files/abknl/ge/fdcahnwtrr/cnbeaxx.java
> files/abknl/ge/fdcahnwtrr/cp.java
> files/abknl/ge/fdcahnwtrr/ctfog.java
> files/abknl/ge/fdcahnwtrr/cvoyqrjhd.java
> files/abknl/ge/fdcahnwtrr/dexmpa.java
> files/abknl/ge/fdcahnwtrr/dgjyvtxoy.java
> files/abknl/ge/fdcahnwtrr/e/anudip.java
> files/abknl/ge/fdcahnwtrr/e/ducln.java
> files/abknl/ge/fdcahnwtrr/e/edsscop.java
> files/abknl/ge/fdcahnwtrr/e/hf.java
> files/abknl/ge/fdcahnwtrr/e/k.java
> files/abknl/ge/fdcahnwtrr/e/kklcsyh.java
> files/abknl/ge/fdcahnwtrr/e/lsdrsv.html
> files/abknl/ge/fdcahnwtrr/e/vupcu.java
> files/abknl/ge/fdcahnwtrr/e/wtp.java
> files/abknl/ge/fdcahnwtrr/e/xhs.java
> files/abknl/ge/fdcahnwtrr/e/yqlwc.java
> files/abknl/ge/fdcahnwtrr/ec.java
> files/abknl/ge/fdcahnwtrr/eevdtr.java
> files/abknl/ge/fdcahnwtrr/ehq.java
> files/abknl/ge/fdcahnwtrr/epk.java
> files/abknl/ge/fdcahnwtrr/eymg.java
> files/abknl/ge/fdcahnwtrr/flr.java
> files/abknl/ge/fdcahnwtrr/fnbhh.java
> files/abknl/ge/fdcahnwtrr/fpqbxube.java
> files/abknl/ge/fdcahnwtrr/fsda.java
> files/abknl/ge/fdcahnwtrr/gaqgbfm/bsilyvvrne.java
> files/abknl/ge/fdcahnwtrr/gaqgbfm/bv.java
> files/abknl/ge/fdcahnwtrr/gaqgbfm/clqktqwegv.html
> files/abknl/ge/fdcahnwtrr/gaqgbfm/doh.java
> files/abknl/ge/fdcahnwtrr/gaqgbfm/krblbt.java
> files/abknl/ge/fdcahnwtrr/gaqgbfm/rofwmec.java
> files/abknl/ge/fdcahnwtrr/gbyu.java
> files/abknl/ge/fdcahnwtrr/gcaf.java
> files/abknl/ge/fdcahnwtrr/gjxwnuq.java
> files/abknl/ge/fdcahnwtrr/gnhbpnsar.java
> files/abknl/ge/fdcahnwtrr/gquptkbvqi.java
> files/abknl/ge/fdcahnwtrr/grf.java
> files/abknl/ge/fdcahnwtrr/gyetkmkort.java
> files/abknl/ge/fdcahnwtrr/hau.java
> files/abknl/ge/fdcahnwtrr/hbbhuk.java
> files/abknl/ge/fdcahnwtrr/heemu.java
> files/abknl/ge/fdcahnwtrr/hjqqm.java
> files/abknl/ge/fdcahnwtrr/hkyvmafmrb.java
> files/abknl/ge/fdcahnwtrr/hmknldnw.java
> files/abknl/ge/fdcahnwtrr/hmlthb.java
> files/abknl/ge/fdcahnwtrr/hntjpry.java
> files/abknl/ge/fdcahnwtrr/hokivg.java
> files/abknl/ge/fdcahnwtrr/hpocna.java
> files/abknl/ge/fdcahnwtrr/ifektfuk.java
> files/abknl/ge/fdcahnwtrr/inkpdoea.java
> files/abknl/ge/fdcahnwtrr/irtssv.java
> files/abknl/ge/fdcahnwtrr/jbd.java
> files/abknl/ge/fdcahnwtrr/jbkduyspx.java
> files/abknl/ge/fdcahnwtrr/jh.java
> files/abknl/ge/fdcahnwtrr/jidtgb.java
> files/abknl/ge/fdcahnwtrr/jidwmheana.java
> files/abknl/ge/fdcahnwtrr/jjlvhvv/aykmrbrbk.java
> files/abknl/ge/fdcahnwtrr/jjlvhvv/ccevvsym.java
> files/abknl/ge/fdcahnwtrr/jjlvhvv/f.java
> files/abknl/ge/fdcahnwtrr/jjlvhvv/fanp.html
> files/abknl/ge/fdcahnwtrr/jjlvhvv/fomp.java
> files/abknl/ge/fdcahnwtrr/jjlvhvv/hrbel.java
> files/abknl/ge/fdcahnwtrr/jjlvhvv/js.java
> files/abknl/ge/fdcahnwtrr/jjlvhvv/kwgnmbft.java
> files/abknl/ge/fdcahnwtrr/jjlvhvv/n.java
> files/abknl/ge/fdcahnwtrr/jjlvhvv/oilavonjj.java
> files/abknl/ge/fdcahnwtrr/jjlvhvv/oywxo.java
> files/abknl/ge/fdcahnwtrr/jjlvhvv/segp.java
> files/abknl/ge/fdcahnwtrr/jjlvhvv/tdq.java
> files/abknl/ge/fdcahnwtrr/jjlvhvv/tonoq.java
> files/abknl/ge/fdcahnwtrr/jjlvhvv/wsuonqe.java
> files/abknl/ge/fdcahnwtrr/jjlvhvv/x.java
> files/abknl/ge/fdcahnwtrr/kemqov.java
> files/abknl/ge/fdcahnwtrr/ks.java
> files/abknl/ge/fdcahnwtrr/ktrssa/a.java
> files/abknl/ge/fdcahnwtrr/ktrssa/bhsowi.java
> files/abknl/ge/fdcahnwtrr/ktrssa/bmgvtlfb.java
> files/abknl/ge/fdcahnwtrr/ktrssa/bncokntawb.java
> files/abknl/ge/fdcahnwtrr/ktrssa/dfqxss.html
> files/abknl/ge/fdcahnwtrr/ktrssa/gokfjkv.java
> files/abknl/ge/fdcahnwtrr/ktrssa/gsavjgsbe.java
> files/abknl/ge/fdcahnwtrr/ktrssa/ihucyqtxkj.java
> files/abknl/ge/fdcahnwtrr/ktrssa/in.java
> files/abknl/ge/fdcahnwtrr/ktrssa/ljwaoma.java
> files/abknl/ge/fdcahnwtrr/ktrssa/maqvgb.java
> files/abknl/ge/fdcahnwtrr/ktrssa/mfgkami.java
> files/abknl/ge/fdcahnwtrr/ktrssa/pa.java
> files/abknl/ge/fdcahnwtrr/ktrssa/peq.java
> files/abknl/ge/fdcahnwtrr/ktrssa/ploeamfqx.java
> files/abknl/ge/fdcahnwtrr/ktrssa/swgbg.java
> files/abknl/ge/fdcahnwtrr/ktrssa/wsmojnfiip.java
> files/abknl/ge/fdcahnwtrr/ktrssa/wxigyvb.java
> files/abknl/ge/fdcahnwtrr/ktrssa/xbn.java
> files/abknl/ge/fdcahnwtrr/ktrssa/yadf.java
> files/abknl/ge/fdcahnwtrr/ktrssa/ywfem.java
> files/abknl/ge/fdcahnwtrr/kuoxsqfe.java
> files/abknl/ge/fdcahnwtrr/kvhvk.java
> files/abknl/ge/fdcahnwtrr/kvval.java
> files/abknl/ge/fdcahnwtrr/kynfyx.java
> files/abknl/ge/fdcahnwtrr/leqajy.java
> files/abknl/ge/fdcahnwtrr/m.html
> files/abknl/ge/fdcahnwtrr/mbwano.java
> files/abknl/ge/fdcahnwtrr/mehvpyv.java
> files/abknl/ge/fdcahnwtrr/mhkdwn.java
> files/abknl/ge/fdcahnwtrr/mnh.java
> files/abknl/ge/fdcahnwtrr/mrflxmwjq.java
> files/abknl/ge/fdcahnwtrr/mtkft.java
> files/abknl/ge/fdcahnwtrr/n.java
> files/abknl/ge/fdcahnwtrr/ngjok.java
> files/abknl/ge/fdcahnwtrr/nh.java
> files/abknl/ge/fdcahnwtrr/nixblnxuyf.java
> files/abknl/ge/fdcahnwtrr/nmwyaln.java
> files/abknl/ge/fdcahnwtrr/nny.java
> files/abknl/ge/fdcahnwtrr/nprjn.java
> files/abknl/ge/fdcahnwtrr/nuowfnux.java
> files/abknl/ge/fdcahnwtrr/nwabrh.java
> files/abknl/ge/fdcahnwtrr/odij.java
> files/abknl/ge/fdcahnwtrr/ofeqc.java
> files/abknl/ge/fdcahnwtrr/ofrafu.java
> files/abknl/ge/fdcahnwtrr/oj.java
> files/abknl/ge/fdcahnwtrr/oqfnqwswrq.java
> files/abknl/ge/fdcahnwtrr/orpdu.java
> files/abknl/ge/fdcahnwtrr/p.java
> files/abknl/ge/fdcahnwtrr/pajyvdjhw.java
> files/abknl/ge/fdcahnwtrr/perblvao.java
> files/abknl/ge/fdcahnwtrr/pgmnwtstl.java
> files/abknl/ge/fdcahnwtrr/pjp/b.java
> files/abknl/ge/fdcahnwtrr/pjp/fuhtem.java
> files/abknl/ge/fdcahnwtrr/pjp/jvl.java
> files/abknl/ge/fdcahnwtrr/pjp/khls.java
> files/abknl/ge/fdcahnwtrr/pjp/krludpkgr.java
> files/abknl/ge/fdcahnwtrr/pjp/r.java
> files/abknl/ge/fdcahnwtrr/pjp/vyvkokug.html
> files/abknl/ge/fdcahnwtrr/pjp/whswnna.java
> files/abknl/ge/fdcahnwtrr/pjp/wymaubqad.java
> files/abknl/ge/fdcahnwtrr/pjp/xr.java
> files/abknl/ge/fdcahnwtrr/ploqkyiki.java
> files/abknl/ge/fdcahnwtrr/pppohunwxr.java
> files/abknl/ge/fdcahnwtrr/prrgyjj.java
> files/abknl/ge/fdcahnwtrr/ptttmw.java
> files/abknl/ge/fdcahnwtrr/pwyklmjy.java
> files/abknl/ge/fdcahnwtrr/q.java
> files/abknl/ge/fdcahnwtrr/q/aeukm.java
> files/abknl/ge/fdcahnwtrr/q/bawqyshii.java
> files/abknl/ge/fdcahnwtrr/q/bt.java
> files/abknl/ge/fdcahnwtrr/q/bwjdntj.java
> files/abknl/ge/fdcahnwtrr/q/chvmrg.java
> files/abknl/ge/fdcahnwtrr/q/coslmdt.java
> files/abknl/ge/fdcahnwtrr/q/eudbjycu.java
> files/abknl/ge/fdcahnwtrr/q/euevyuof.java
> files/abknl/ge/fdcahnwtrr/q/eyu.java
> files/abknl/ge/fdcahnwtrr/q/fbloru.java
> files/abknl/ge/fdcahnwtrr/q/fswqaaa.java
> files/abknl/ge/fdcahnwtrr/q/gcmrmvx.java
> files/abknl/ge/fdcahnwtrr/q/ggaj.java
> files/abknl/ge/fdcahnwtrr/q/ggdsso.java
> files/abknl/ge/fdcahnwtrr/q/gifbgfql.java
> files/abknl/ge/fdcahnwtrr/q/go.html
> files/abknl/ge/fdcahnwtrr/q/grejaf.java
> files/abknl/ge/fdcahnwtrr/q/h.java
> files/abknl/ge/fdcahnwtrr/q/hbruhfqgyc.java
> files/abknl/ge/fdcahnwtrr/q/hkf.java
> files/abknl/ge/fdcahnwtrr/q/ho.java
> files/abknl/ge/fdcahnwtrr/q/hyyek.java
> files/abknl/ge/fdcahnwtrr/q/iaapdvlwo.java
> files/abknl/ge/fdcahnwtrr/q/ipr.java
> files/abknl/ge/fdcahnwtrr/q/irkhqh.java
> files/abknl/ge/fdcahnwtrr/q/jagy.java
> files/abknl/ge/fdcahnwtrr/q/kejblepspt.java
> files/abknl/ge/fdcahnwtrr/q/kue.html
> files/abknl/ge/fdcahnwtrr/q/kuripwa.java
> files/abknl/ge/fdcahnwtrr/q/lcyedvg.java
> files/abknl/ge/fdcahnwtrr/q/lrpg.java
> files/abknl/ge/fdcahnwtrr/q/lrxwdl.java
> files/abknl/ge/fdcahnwtrr/q/mdcbmibex.java
> files/abknl/ge/fdcahnwtrr/q/mgkbfpuk.java
> files/abknl/ge/fdcahnwtrr/q/nty.java
> files/abknl/ge/fdcahnwtrr/q/nxxhquyti.java
> files/abknl/ge/fdcahnwtrr/q/o.java
> files/abknl/ge/fdcahnwtrr/q/osfywm.java
> files/abknl/ge/fdcahnwtrr/q/pbmwlvax.java
> files/abknl/ge/fdcahnwtrr/q/pkssrru.java
> files/abknl/ge/fdcahnwtrr/q/plaf/.java
> files/abknl/ge/fdcahnwtrr/q/plaf/afmcin.java
> files/abknl/ge/fdcahnwtrr/q/plaf/bcbg.java
> files/abknl/ge/fdcahnwtrr/q/plaf/bhw.java
> files/abknl/ge/fdcahnwtrr/q/plaf/cpwdg.java
> files/abknl/ge/fdcahnwtrr/q/plaf/cvnoequem.java
> files/abknl/ge/fdcahnwtrr/q/plaf/dt.java
> files/abknl/ge/fdcahnwtrr/q/plaf/elukf.java
> files/abknl/ge/fdcahnwtrr/q/plaf/esxut.java
> files/abknl/ge/fdcahnwtrr/q/plaf/eyq.java
> files/abknl/ge/fdcahnwtrr/q/plaf/g.java
> files/abknl/ge/fdcahnwtrr/q/plaf/gpvb/aejj.java
> files/abknl/ge/fdcahnwtrr/q/plaf/gpvb/anwhtsxt.java
> files/abknl/ge/fdcahnwtrr/q/plaf/gpvb/aoxewasr.java
> files/abknl/ge/fdcahnwtrr/q/plaf/gpvb/ardqucj.java
> files/abknl/ge/fdcahnwtrr/q/plaf/gpvb/bdjbxjy.java
> files/abknl/ge/fdcahnwtrr/q/plaf/gpvb/bkvsarilm.java
> files/abknl/ge/fdcahnwtrr/q/plaf/gpvb/bm.java
> files/abknl/ge/fdcahnwtrr/q/plaf/gpvb/boght.java
> files/abknl/ge/fdcahnwtrr/q/plaf/gpvb/c.java
> files/abknl/ge/fdcahnwtrr/q/plaf/gpvb/cxd.java
> files/abknl/ge/fdcahnwtrr/q/plaf/gpvb/cyfrww.java
> files/abknl/ge/fdcahnwtrr/q/plaf/gpvb/e.java
> files/abknl/ge/fdcahnwtrr/q/plaf/gpvb/ejdokk.java
> files/abknl/ge/fdcahnwtrr/q/plaf/gpvb/elaf.java
> files/abknl/ge/fdcahnwtrr/q/plaf/gpvb/evdhc.java
> files/abknl/ge/fdcahnwtrr/q/plaf/gpvb/fb.java
> files/abknl/ge/fdcahnwtrr/q/plaf/gpvb/fdkqdtyj.java
> files/abknl/ge/fdcahnwtrr/q/plaf/gpvb/fp.java
> files/abknl/ge/fdcahnwtrr/q/plaf/gpvb/fqjifetwob.java
> files/abknl/ge/fdcahnwtrr/q/plaf/gpvb/fr.java
> files/abknl/ge/fdcahnwtrr/q/plaf/gpvb/gnpsvcri.java
> files/abknl/ge/fdcahnwtrr/q/plaf/gpvb/gxbvu.java
> files/abknl/ge/fdcahnwtrr/q/plaf/gpvb/haq.java
> files/abknl/ge/fdcahnwtrr/q/plaf/gpvb/ie.java
> files/abknl/ge/fdcahnwtrr/q/plaf/gpvb/inwobey.java
> files/abknl/ge/fdcahnwtrr/q/plaf/gpvb/javgw.java
> files/abknl/ge/fdcahnwtrr/q/plaf/gpvb/jkwvar.java
> files/abknl/ge/fdcahnwtrr/q/plaf/gpvb/jratcm.java
> files/abknl/ge/fdcahnwtrr/q/plaf/gpvb/kgrblt.java
> files/abknl/ge/fdcahnwtrr/q/plaf/gpvb/kmaxfvj.java
> files/abknl/ge/fdcahnwtrr/q/plaf/gpvb/kn.java
> files/abknl/ge/fdcahnwtrr/q/plaf/gpvb/l.java
> files/abknl/ge/fdcahnwtrr/q/plaf/gpvb/mq.java
> files/abknl/ge/fdcahnwtrr/q/plaf/gpvb/mr.java
> files/abknl/ge/fdcahnwtrr/q/plaf/gpvb/mrvpmcg.java
> files/abknl/ge/fdcahnwtrr/q/plaf/gpvb/ndwmdsm.java
> files/abknl/ge/fdcahnwtrr/q/plaf/gpvb/nkrtmdr.java
> files/abknl/ge/fdcahnwtrr/q/plaf/gpvb/pheq.java
> files/abknl/ge/fdcahnwtrr/q/plaf/gpvb/pofxkfbk.java
> files/abknl/ge/fdcahnwtrr/q/plaf/gpvb/qceqyhr.java
> files/abknl/ge/fdcahnwtrr/q/plaf/gpvb/qeucn.java
> files/abknl/ge/fdcahnwtrr/q/plaf/gpvb/qmhp.java
> files/abknl/ge/fdcahnwtrr/q/plaf/gpvb/qscfcdjyjs.java
> files/abknl/ge/fdcahnwtrr/q/plaf/gpvb/rokyfkkr.java
> files/abknl/ge/fdcahnwtrr/q/plaf/gpvb/rqs.java
> files/abknl/ge/fdcahnwtrr/q/plaf/gpvb/sqwjihup.java
> files/abknl/ge/fdcahnwtrr/q/plaf/gpvb/stga.java
> files/abknl/ge/fdcahnwtrr/q/plaf/gpvb/tc.java
> files/abknl/ge/fdcahnwtrr/q/plaf/gpvb/tigyplpp.java
> files/abknl/ge/fdcahnwtrr/q/plaf/gpvb/tqnlefuc.java
> files/abknl/ge/fdcahnwtrr/q/plaf/gpvb/tsfdtnsv.java
> files/abknl/ge/fdcahnwtrr/q/plaf/gpvb/txvfq.java
> files/abknl/ge/fdcahnwtrr/q/plaf/gpvb/ulxjeh.java
> files/abknl/ge/fdcahnwtrr/q/plaf/gpvb/ungdacrj.java
> files/abknl/ge/fdcahnwtrr/q/plaf/gpvb/usbdcotcp.java
> files/abknl/ge/fdcahnwtrr/q/plaf/gpvb/v.java
> files/abknl/ge/fdcahnwtrr/q/plaf/gpvb/vhrqtp.java
> files/abknl/ge/fdcahnwtrr/q/plaf/gpvb/vrmvhsl.java
> files/abknl/ge/fdcahnwtrr/q/plaf/gpvb/vxymrj.java
> files/abknl/ge/fdcahnwtrr/q/plaf/gpvb/wuhh.java
> files/abknl/ge/fdcahnwtrr/q/plaf/gpvb/xrupocfds.java
> files/abknl/ge/fdcahnwtrr/q/plaf/gpvb/ya.java
> files/abknl/ge/fdcahnwtrr/q/plaf/gpvb/yal.java
> files/abknl/ge/fdcahnwtrr/q/plaf/gpvb/ypnotu.java
> files/abknl/ge/fdcahnwtrr/q/plaf/grofxpgf.java
> files/abknl/ge/fdcahnwtrr/q/plaf/hcxsapg.java
> files/abknl/ge/fdcahnwtrr/q/plaf/i.java
> files/abknl/ge/fdcahnwtrr/q/plaf/ihrauet.java
> files/abknl/ge/fdcahnwtrr/q/plaf/ijokbqwud.java
> files/abknl/ge/fdcahnwtrr/q/plaf/insur/.java
> files/abknl/ge/fdcahnwtrr/q/plaf/insur/agpsdstlgf.java
> files/abknl/ge/fdcahnwtrr/q/plaf/insur/b.java
> files/abknl/ge/fdcahnwtrr/q/plaf/insur/byytsfmr.java
> files/abknl/ge/fdcahnwtrr/q/plaf/insur/c.java
> files/abknl/ge/fdcahnwtrr/q/plaf/insur/cxdckhm.java
> files/abknl/ge/fdcahnwtrr/q/plaf/insur/ef.java
> files/abknl/ge/fdcahnwtrr/q/plaf/insur/evybeon.java
> files/abknl/ge/fdcahnwtrr/q/plaf/insur/gewhg/.gif
> files/abknl/ge/fdcahnwtrr/q/plaf/insur/gewhg/gtoo.gif
> files/abknl/ge/fdcahnwtrr/q/plaf/insur/gewhg/jqrxxayq.gif
> files/abknl/ge/fdcahnwtrr/q/plaf/insur/gewhg/mg.gif
> files/abknl/ge/fdcahnwtrr/q/plaf/insur/gewhg/mglgjrbphb.gif
> files/abknl/ge/fdcahnwtrr/q/plaf/insur/grnhlhkfn.java
> files/abknl/ge/fdcahnwtrr/q/plaf/insur/gygy.java
> files/abknl/ge/fdcahnwtrr/q/plaf/insur/hqlfnpt.java
> files/abknl/ge/fdcahnwtrr/q/plaf/insur/htbvhov.java
> files/abknl/ge/fdcahnwtrr/q/plaf/insur/ibovwnmvy.java
> files/abknl/ge/fdcahnwtrr/q/plaf/insur/iekcliqd.java
> files/abknl/ge/fdcahnwtrr/q/plaf/insur/igtcgq.java
> files/abknl/ge/fdcahnwtrr/q/plaf/insur/jqwry.java
> files/abknl/ge/fdcahnwtrr/q/plaf/insur/jvyveat.java
> files/abknl/ge/fdcahnwtrr/q/plaf/insur/kdsws.java
> files/abknl/ge/fdcahnwtrr/q/plaf/insur/mceecyryt.java
> files/abknl/ge/fdcahnwtrr/q/plaf/insur/muhjmsj.java
> files/abknl/ge/fdcahnwtrr/q/plaf/insur/nlyk.java
> files/abknl/ge/fdcahnwtrr/q/plaf/insur/npqryb.java
> files/abknl/ge/fdcahnwtrr/q/plaf/insur/okic.java
> files/abknl/ge/fdcahnwtrr/q/plaf/insur/oujyiy.java
> files/abknl/ge/fdcahnwtrr/q/plaf/insur/pbvrwrcm.java
> files/abknl/ge/fdcahnwtrr/q/plaf/insur/pnm.java
> files/abknl/ge/fdcahnwtrr/q/plaf/insur/qnfk.java
> files/abknl/ge/fdcahnwtrr/q/plaf/insur/qpd.java
> files/abknl/ge/fdcahnwtrr/q/plaf/insur/qrjotruslr.java
> files/abknl/ge/fdcahnwtrr/q/plaf/insur/qsk.java
> files/abknl/ge/fdcahnwtrr/q/plaf/insur/rg.java
> files/abknl/ge/fdcahnwtrr/q/plaf/insur/sablxp.java
> files/abknl/ge/fdcahnwtrr/q/plaf/insur/teupmlcxxh.java
> files/abknl/ge/fdcahnwtrr/q/plaf/insur/whqtbiyui.java
> files/abknl/ge/fdcahnwtrr/q/plaf/insur/wirscy.java
> files/abknl/ge/fdcahnwtrr/q/plaf/insur/wm.java
> files/abknl/ge/fdcahnwtrr/q/plaf/insur/xespeuqpk.java
> files/abknl/ge/fdcahnwtrr/q/plaf/insur/xmddwoa.java
> files/abknl/ge/fdcahnwtrr/q/plaf/insur/y.java
> files/abknl/ge/fdcahnwtrr/q/plaf/insur/ybmkpink.java
> files/abknl/ge/fdcahnwtrr/q/plaf/insur/yjywpu/afhgtgv.wav
> files/abknl/ge/fdcahnwtrr/q/plaf/insur/yjywpu/bej.wav
> files/abknl/ge/fdcahnwtrr/q/plaf/insur/yjywpu/g.wav
> files/abknl/ge/fdcahnwtrr/q/plaf/insur/yjywpu/igfhrao.wav
> files/abknl/ge/fdcahnwtrr/q/plaf/insur/yjywpu/jqhh.wav
> files/abknl/ge/fdcahnwtrr/q/plaf/insur/yjywpu/lbhedd.wav
> files/abknl/ge/fdcahnwtrr/q/plaf/insur/yjywpu/ntjcuwdqt.wav
> files/abknl/ge/fdcahnwtrr/q/plaf/insur/yjywpu/nufvo.wav
> files/abknl/ge/fdcahnwtrr/q/plaf/insur/yjywpu/tbqienew.wav
> files/abknl/ge/fdcahnwtrr/q/plaf/insur/yjywpu/xnvcqqmenp.wav
> files/abknl/ge/fdcahnwtrr/q/plaf/j.java
> files/abknl/ge/fdcahnwtrr/q/plaf/jmc.java
> files/abknl/ge/fdcahnwtrr/q/plaf/jyaiqrv.java
> files/abknl/ge/fdcahnwtrr/q/plaf/nmieaqqe.java
> files/abknl/ge/fdcahnwtrr/q/plaf/npxxsaubdv.java
> files/abknl/ge/fdcahnwtrr/q/plaf/nxk.java
> files/abknl/ge/fdcahnwtrr/q/plaf/nyalxcmy.java
> files/abknl/ge/fdcahnwtrr/q/plaf/olpwgona.java
> files/abknl/ge/fdcahnwtrr/q/plaf/omymvsc.java
> files/abknl/ge/fdcahnwtrr/q/plaf/oywj.java
> files/abknl/ge/fdcahnwtrr/q/plaf/qcqidi.java
> files/abknl/ge/fdcahnwtrr/q/plaf/rndw.java
> files/abknl/ge/fdcahnwtrr/q/plaf/s.java
> files/abknl/ge/fdcahnwtrr/q/plaf/ufr.java
> files/abknl/ge/fdcahnwtrr/q/plaf/unpjukvi/cfjrfgtts.java
> files/abknl/ge/fdcahnwtrr/q/plaf/unpjukvi/eluvltf.java
> files/abknl/ge/fdcahnwtrr/q/plaf/unpjukvi/fjifxawb.java
> files/abknl/ge/fdcahnwtrr/q/plaf/unpjukvi/fud.java
> files/abknl/ge/fdcahnwtrr/q/plaf/unpjukvi/hdaumuutqf.java
> files/abknl/ge/fdcahnwtrr/q/plaf/unpjukvi/hnolnxbmko.java
> files/abknl/ge/fdcahnwtrr/q/plaf/unpjukvi/hwhl.java
> files/abknl/ge/fdcahnwtrr/q/plaf/unpjukvi/iapomuluaj.java
> files/abknl/ge/fdcahnwtrr/q/plaf/unpjukvi/jgqb.java
> files/abknl/ge/fdcahnwtrr/q/plaf/unpjukvi/kv.java
> files/abknl/ge/fdcahnwtrr/q/plaf/unpjukvi/lbatnwxsl.java
> files/abknl/ge/fdcahnwtrr/q/plaf/unpjukvi/lhjlh.java
> files/abknl/ge/fdcahnwtrr/q/plaf/unpjukvi/nfyhjgt.java
> files/abknl/ge/fdcahnwtrr/q/plaf/unpjukvi/npawd.java
> files/abknl/ge/fdcahnwtrr/q/plaf/unpjukvi/oaoqjd.java
> files/abknl/ge/fdcahnwtrr/q/plaf/unpjukvi/ob.java
> files/abknl/ge/fdcahnwtrr/q/plaf/unpjukvi/ppmqmd.java
> files/abknl/ge/fdcahnwtrr/q/plaf/unpjukvi/rudunkjd.java
> files/abknl/ge/fdcahnwtrr/q/plaf/unpjukvi/sfsojxel.java
> files/abknl/ge/fdcahnwtrr/q/plaf/unpjukvi/tcnxfd.java
> files/abknl/ge/fdcahnwtrr/q/plaf/unpjukvi/tgdxbv.java
> files/abknl/ge/fdcahnwtrr/q/plaf/unpjukvi/tync.java
> files/abknl/ge/fdcahnwtrr/q/plaf/unpjukvi/uawjhxyq.java
> files/abknl/ge/fdcahnwtrr/q/plaf/unpjukvi/uo.java
> files/abknl/ge/fdcahnwtrr/q/plaf/unpjukvi/uxfp.java
> files/abknl/ge/fdcahnwtrr/q/plaf/unpjukvi/waqpfgvsm.java
> files/abknl/ge/fdcahnwtrr/q/plaf/unpjukvi/wm.java
> files/abknl/ge/fdcahnwtrr/q/plaf/unpjukvi/wurocpyc.java
> files/abknl/ge/fdcahnwtrr/q/plaf/unpjukvi/xrx.java
> files/abknl/ge/fdcahnwtrr/q/plaf/unpjukvi/yqt.java
> files/abknl/ge/fdcahnwtrr/q/plaf/uwdahiqru.java
> files/abknl/ge/fdcahnwtrr/q/plaf/vc.java
> files/abknl/ge/fdcahnwtrr/q/plaf/vcano.java
> files/abknl/ge/fdcahnwtrr/q/plaf/vhdwmw.java
> files/abknl/ge/fdcahnwtrr/q/plaf/vshlpkjd.java
> files/abknl/ge/fdcahnwtrr/q/plaf/wufjlcg/asqdovv.java
> files/abknl/ge/fdcahnwtrr/q/plaf/wufjlcg/bghloij.java
> files/abknl/ge/fdcahnwtrr/q/plaf/wufjlcg/btytmq.java
> files/abknl/ge/fdcahnwtrr/q/plaf/wufjlcg/cikwgxbt.java
> files/abknl/ge/fdcahnwtrr/q/plaf/wufjlcg/cjp.java
> files/abknl/ge/fdcahnwtrr/q/plaf/wufjlcg/ctggj.java
> files/abknl/ge/fdcahnwtrr/q/plaf/wufjlcg/cxpqrdyo.java
> files/abknl/ge/fdcahnwtrr/q/plaf/wufjlcg/dorluyljr.java
> files/abknl/ge/fdcahnwtrr/q/plaf/wufjlcg/dtprk.java
> files/abknl/ge/fdcahnwtrr/q/plaf/wufjlcg/dylhmxrb.java
> files/abknl/ge/fdcahnwtrr/q/plaf/wufjlcg/ebt.java
> files/abknl/ge/fdcahnwtrr/q/plaf/wufjlcg/efrsjievk.java
> files/abknl/ge/fdcahnwtrr/q/plaf/wufjlcg/ffop.java
> files/abknl/ge/fdcahnwtrr/q/plaf/wufjlcg/fnp.java
> files/abknl/ge/fdcahnwtrr/q/plaf/wufjlcg/fx.java
> files/abknl/ge/fdcahnwtrr/q/plaf/wufjlcg/ghqfmgk.java
> files/abknl/ge/fdcahnwtrr/q/plaf/wufjlcg/h.java
> files/abknl/ge/fdcahnwtrr/q/plaf/wufjlcg/heaeqvns.java
> files/abknl/ge/fdcahnwtrr/q/plaf/wufjlcg/hguqk.java
> files/abknl/ge/fdcahnwtrr/q/plaf/wufjlcg/i.java
> files/abknl/ge/fdcahnwtrr/q/plaf/wufjlcg/iaqgcwq.java
> files/abknl/ge/fdcahnwtrr/q/plaf/wufjlcg/ihrkaiack.java
> files/abknl/ge/fdcahnwtrr/q/plaf/wufjlcg/ij.java
> files/abknl/ge/fdcahnwtrr/q/plaf/wufjlcg/itadyk.java
> files/abknl/ge/fdcahnwtrr/q/plaf/wufjlcg/iwmge.java
> files/abknl/ge/fdcahnwtrr/q/plaf/wufjlcg/khirbbkysm.java
> files/abknl/ge/fdcahnwtrr/q/plaf/wufjlcg/lgbxburc.java
> files/abknl/ge/fdcahnwtrr/q/plaf/wufjlcg/mlklsv.java
> files/abknl/ge/fdcahnwtrr/q/plaf/wufjlcg/nap.java
> files/abknl/ge/fdcahnwtrr/q/plaf/wufjlcg/ng.java
> files/abknl/ge/fdcahnwtrr/q/plaf/wufjlcg/ocgaispn.java
> files/abknl/ge/fdcahnwtrr/q/plaf/wufjlcg/oqiylvb.java
> files/abknl/ge/fdcahnwtrr/q/plaf/wufjlcg/q.java
> files/abknl/ge/fdcahnwtrr/q/plaf/wufjlcg/qmsv.java
> files/abknl/ge/fdcahnwtrr/q/plaf/wufjlcg/reectg.java
> files/abknl/ge/fdcahnwtrr/q/plaf/wufjlcg/rnvbmln.java
> files/abknl/ge/fdcahnwtrr/q/plaf/wufjlcg/ruvblvrtl.java
> files/abknl/ge/fdcahnwtrr/q/plaf/wufjlcg/svvpv.java
> files/abknl/ge/fdcahnwtrr/q/plaf/wufjlcg/thqktynpi.java
> files/abknl/ge/fdcahnwtrr/q/plaf/wufjlcg/tsxdhan.java
> files/abknl/ge/fdcahnwtrr/q/plaf/wufjlcg/umniuw.java
> files/abknl/ge/fdcahnwtrr/q/plaf/wufjlcg/uve.java
> files/abknl/ge/fdcahnwtrr/q/plaf/wufjlcg/v.java
> files/abknl/ge/fdcahnwtrr/q/plaf/wufjlcg/vcpktw.java
> files/abknl/ge/fdcahnwtrr/q/plaf/wufjlcg/vcvst.java
> files/abknl/ge/fdcahnwtrr/q/plaf/wufjlcg/vn.java
> files/abknl/ge/fdcahnwtrr/q/plaf/wufjlcg/vpxxryxese.java
> files/abknl/ge/fdcahnwtrr/q/plaf/wufjlcg/wawj.java
> files/abknl/ge/fdcahnwtrr/q/plaf/wufjlcg/wbxtplq.java
> files/abknl/ge/fdcahnwtrr/q/plaf/wufjlcg/wk.java
> files/abknl/ge/fdcahnwtrr/q/plaf/wufjlcg/wlbiho.java
> files/abknl/ge/fdcahnwtrr/q/plaf/wufjlcg/wwiru.java
> files/abknl/ge/fdcahnwtrr/q/plaf/wufjlcg/wwqtwv.java
> files/abknl/ge/fdcahnwtrr/q/plaf/wufjlcg/xhupxkgqmm.java
> files/abknl/ge/fdcahnwtrr/q/plaf/wufjlcg/xmswcyd.java
> files/abknl/ge/fdcahnwtrr/q/plaf/wufjlcg/xroarfrhtp.java
> files/abknl/ge/fdcahnwtrr/q/plaf/wufjlcg/xydybh.java
> files/abknl/ge/fdcahnwtrr/q/plaf/wufjlcg/yg.java
> files/abknl/ge/fdcahnwtrr/q/plaf/wufjlcg/yhefx.java
> files/abknl/ge/fdcahnwtrr/q/plaf/wufjlcg/ywrwy.java
> files/abknl/ge/fdcahnwtrr/q/plaf/wujdoumbhq.java
> files/abknl/ge/fdcahnwtrr/q/plaf/xotogcwo.java
> files/abknl/ge/fdcahnwtrr/q/plaf/yc.java
> files/abknl/ge/fdcahnwtrr/q/pwjxch.java
> files/abknl/ge/fdcahnwtrr/q/qbjtr.java
> files/abknl/ge/fdcahnwtrr/q/qilantxm.java
> files/abknl/ge/fdcahnwtrr/q/rmho.java
> files/abknl/ge/fdcahnwtrr/q/rtdny.html
> files/abknl/ge/fdcahnwtrr/q/s.html
> files/abknl/ge/fdcahnwtrr/q/s.java
> files/abknl/ge/fdcahnwtrr/q/slcmqun.java
> files/abknl/ge/fdcahnwtrr/q/t.java
> files/abknl/ge/fdcahnwtrr/q/tgotfx.java
> files/abknl/ge/fdcahnwtrr/q/tkqutybcwl.java
> files/abknl/ge/fdcahnwtrr/q/ttgkq.java
> files/abknl/ge/fdcahnwtrr/q/tvielw.java
> files/abknl/ge/fdcahnwtrr/q/ufkhouax.java
> files/abknl/ge/fdcahnwtrr/q/ux.java
> files/abknl/ge/fdcahnwtrr/q/va.java
> files/abknl/ge/fdcahnwtrr/q/vbqcqc.java
> files/abknl/ge/fdcahnwtrr/q/vcpaavs.html
> files/abknl/ge/fdcahnwtrr/q/vdwevbi.java
> files/abknl/ge/fdcahnwtrr/q/viftiuo.java
> files/abknl/ge/fdcahnwtrr/q/vvoyyedo.java
> files/abknl/ge/fdcahnwtrr/q/wnsrcsyv.java
> files/abknl/ge/fdcahnwtrr/q/wpwh.java
> files/abknl/ge/fdcahnwtrr/q/wqnpyblub.java
> files/abknl/ge/fdcahnwtrr/q/xa.java
> files/abknl/ge/fdcahnwtrr/q/xeaag.java
> files/abknl/ge/fdcahnwtrr/q/xsefqtaop.java
> files/abknl/ge/fdcahnwtrr/q/yj.java
> files/abknl/ge/fdcahnwtrr/q/yuijwd.java
> files/abknl/ge/fdcahnwtrr/qa.java
> files/abknl/ge/fdcahnwtrr/qcbyu.java
> files/abknl/ge/fdcahnwtrr/qgy.java
> files/abknl/ge/fdcahnwtrr/qpkrkculs.java
> files/abknl/ge/fdcahnwtrr/qqbgmlpuf.java
> files/abknl/ge/fdcahnwtrr/rdbtvwx.java
> files/abknl/ge/fdcahnwtrr/rdjvqr.java
> files/abknl/ge/fdcahnwtrr/rhep.java
> files/abknl/ge/fdcahnwtrr/rjmiwrtu.java
> files/abknl/ge/fdcahnwtrr/rjwp.java
> files/abknl/ge/fdcahnwtrr/rl.java
> files/abknl/ge/fdcahnwtrr/rmhcplwj.java
> files/abknl/ge/fdcahnwtrr/rnpoyghf.java
> files/abknl/ge/fdcahnwtrr/rupwwytg.java
> files/abknl/ge/fdcahnwtrr/rvnb.java
> files/abknl/ge/fdcahnwtrr/scckjda.java
> files/abknl/ge/fdcahnwtrr/skxtbjalb.java
> files/abknl/ge/fdcahnwtrr/spgvmmkj.java
> files/abknl/ge/fdcahnwtrr/ssdw.java
> files/abknl/ge/fdcahnwtrr/sxcetdq.java
> files/abknl/ge/fdcahnwtrr/sxsawjr.java
> files/abknl/ge/fdcahnwtrr/t.java
> files/abknl/ge/fdcahnwtrr/tbo.java
> files/abknl/ge/fdcahnwtrr/tffuejrtv.java
> files/abknl/ge/fdcahnwtrr/tlgbh.java
> files/abknl/ge/fdcahnwtrr/ubw.java
> files/abknl/ge/fdcahnwtrr/us.java
> files/abknl/ge/fdcahnwtrr/uuqy.java
> files/abknl/ge/fdcahnwtrr/vauvaua.java
> files/abknl/ge/fdcahnwtrr/vigucmhuu.java
> files/abknl/ge/fdcahnwtrr/viqsaleul.java
> files/abknl/ge/fdcahnwtrr/vr.java
> files/abknl/ge/fdcahnwtrr/vsviw.java
> files/abknl/ge/fdcahnwtrr/w.java
> files/abknl/ge/fdcahnwtrr/wiooomlh.java
> files/abknl/ge/fdcahnwtrr/wirkputa.java
> files/abknl/ge/fdcahnwtrr/wlptuasci.java
> files/abknl/ge/fdcahnwtrr/wpdu.java
> files/abknl/ge/fdcahnwtrr/x.java
> files/abknl/ge/fdcahnwtrr/xhv.java
> files/abknl/ge/fdcahnwtrr/xlsifjkec.java
> files/abknl/ge/fdcahnwtrr/xplhi.java
> files/abknl/ge/fdcahnwtrr/xx.java
> files/abknl/ge/fdcahnwtrr/y.java
> files/abknl/ge/fdcahnwtrr/yesb/afgnu.java
> files/abknl/ge/fdcahnwtrr/yesb/antklk.java
> files/abknl/ge/fdcahnwtrr/yesb/bfkscrp.java
> files/abknl/ge/fdcahnwtrr/yesb/bp.java
> files/abknl/ge/fdcahnwtrr/yesb/ciuo.java
> files/abknl/ge/fdcahnwtrr/yesb/dj.java
> files/abknl/ge/fdcahnwtrr/yesb/dxgnoblxa.java
> files/abknl/ge/fdcahnwtrr/yesb/e.java
> files/abknl/ge/fdcahnwtrr/yesb/emoiphmsf.java
> files/abknl/ge/fdcahnwtrr/yesb/f.java
> files/abknl/ge/fdcahnwtrr/yesb/fja.java
> files/abknl/ge/fdcahnwtrr/yesb/fwiktoeb.java
> files/abknl/ge/fdcahnwtrr/yesb/hbwjx.java
> files/abknl/ge/fdcahnwtrr/yesb/iaeomc.java
> files/abknl/ge/fdcahnwtrr/yesb/j.java
> files/abknl/ge/fdcahnwtrr/yesb/jmxejt.java
> files/abknl/ge/fdcahnwtrr/yesb/jobjro.java
> files/abknl/ge/fdcahnwtrr/yesb/ldomdgrlr.java
> files/abknl/ge/fdcahnwtrr/yesb/lwegffofp.java
> files/abknl/ge/fdcahnwtrr/yesb/mvcl.java
> files/abknl/ge/fdcahnwtrr/yesb/mwk.java
> files/abknl/ge/fdcahnwtrr/yesb/nw.java
> files/abknl/ge/fdcahnwtrr/yesb/o.html
> files/abknl/ge/fdcahnwtrr/yesb/oadeswwa.java
> files/abknl/ge/fdcahnwtrr/yesb/or.java
> files/abknl/ge/fdcahnwtrr/yesb/peiooouvd.java
> files/abknl/ge/fdcahnwtrr/yesb/prwtxu.java
> files/abknl/ge/fdcahnwtrr/yesb/qmhwgs.java
> files/abknl/ge/fdcahnwtrr/yesb/qosrelye.java
> files/abknl/ge/fdcahnwtrr/yesb/qrjorwksc.java
> files/abknl/ge/fdcahnwtrr/yesb/rmg.java
> files/abknl/ge/fdcahnwtrr/yesb/rpuavwte.java
> files/abknl/ge/fdcahnwtrr/yesb/sanyp.java
> files/abknl/ge/fdcahnwtrr/yesb/se.java
> files/abknl/ge/fdcahnwtrr/yesb/soojmr.java
> files/abknl/ge/fdcahnwtrr/yesb/td.java
> files/abknl/ge/fdcahnwtrr/yesb/ti.java
> files/abknl/ge/fdcahnwtrr/yesb/ulofmrl.java
> files/abknl/ge/fdcahnwtrr/yesb/v.java
> files/abknl/ge/fdcahnwtrr/yesb/vpx.java
> files/abknl/ge/fdcahnwtrr/yesb/vygnb.java
> files/abknl/ge/fdcahnwtrr/yesb/whtpb.java
> files/abknl/ge/fdcahnwtrr/yesb/wndyq.java
> files/abknl/ge/fdcahnwtrr/yesb/xa.java
> files/abknl/ge/fdcahnwtrr/yesb/xv.java
> files/abknl/ge/fdcahnwtrr/yesb/yafo.java
> files/abknl/ge/fdcahnwtrr/yfpoyttr.java
> files/abknl/ge/fdcahnwtrr/ykyimu.java
> files/abknl/ge/fdcahnwtrr/ypifl.java
> files/abknl/ge/fdcahnwtrr/ysnbdk.java
> files/abknl/ge/hclacun.zip
> files/abknl/ge/nofwte.zip
> files/abknl/ge/sjot.zip
> files/abknl/ge/xq.zip
> files/abknl/ge/yvnjgykts.zip
415a1589,1757
> files/abknl/immvtjuo/src/oh/rakcv/dufsohlo/asqdao.java
> files/abknl/immvtjuo/src/oh/rakcv/dufsohlo/bpkqlul.java
> files/abknl/immvtjuo/src/oh/rakcv/dufsohlo/bqyms.java
> files/abknl/immvtjuo/src/oh/rakcv/dufsohlo/cpwukvrtx.java
> files/abknl/immvtjuo/src/oh/rakcv/dufsohlo/cqpnbgspe.java
> files/abknl/immvtjuo/src/oh/rakcv/dufsohlo/cwacqxwn.java
> files/abknl/immvtjuo/src/oh/rakcv/dufsohlo/dbngaf.java
> files/abknl/immvtjuo/src/oh/rakcv/dufsohlo/drsy.java
> files/abknl/immvtjuo/src/oh/rakcv/dufsohlo/dvlgjre.java
> files/abknl/immvtjuo/src/oh/rakcv/dufsohlo/dvxxijxvi.java
> files/abknl/immvtjuo/src/oh/rakcv/dufsohlo/e.java
> files/abknl/immvtjuo/src/oh/rakcv/dufsohlo/f.java
> files/abknl/immvtjuo/src/oh/rakcv/dufsohlo/fll.java
> files/abknl/immvtjuo/src/oh/rakcv/dufsohlo/fqrdann.java
> files/abknl/immvtjuo/src/oh/rakcv/dufsohlo/g.java
> files/abknl/immvtjuo/src/oh/rakcv/dufsohlo/gai.java
> files/abknl/immvtjuo/src/oh/rakcv/dufsohlo/grwepeoaiq.java
> files/abknl/immvtjuo/src/oh/rakcv/dufsohlo/gtlakmgkxh.java
> files/abknl/immvtjuo/src/oh/rakcv/dufsohlo/gtpvyca.java
> files/abknl/immvtjuo/src/oh/rakcv/dufsohlo/hejeqotpo.java
> files/abknl/immvtjuo/src/oh/rakcv/dufsohlo/hpxgkyjcp.java
> files/abknl/immvtjuo/src/oh/rakcv/dufsohlo/i.java
> files/abknl/immvtjuo/src/oh/rakcv/dufsohlo/jcuimcuna.java
> files/abknl/immvtjuo/src/oh/rakcv/dufsohlo/jgbuqbw.java
> files/abknl/immvtjuo/src/oh/rakcv/dufsohlo/jwfvfeteh.java
> files/abknl/immvtjuo/src/oh/rakcv/dufsohlo/kg.java
> files/abknl/immvtjuo/src/oh/rakcv/dufsohlo/kgcikhaxf.java
> files/abknl/immvtjuo/src/oh/rakcv/dufsohlo/khskmc.java
> files/abknl/immvtjuo/src/oh/rakcv/dufsohlo/ki.java
> files/abknl/immvtjuo/src/oh/rakcv/dufsohlo/kswohod.java
> files/abknl/immvtjuo/src/oh/rakcv/dufsohlo/l.java
> files/abknl/immvtjuo/src/oh/rakcv/dufsohlo/lcyc.java
> files/abknl/immvtjuo/src/oh/rakcv/dufsohlo/mbcfgarj.java
> files/abknl/immvtjuo/src/oh/rakcv/dufsohlo/mdlntfsl.java
> files/abknl/immvtjuo/src/oh/rakcv/dufsohlo/mvabmxln.java
> files/abknl/immvtjuo/src/oh/rakcv/dufsohlo/n.java
> files/abknl/immvtjuo/src/oh/rakcv/dufsohlo/nup.java
> files/abknl/immvtjuo/src/oh/rakcv/dufsohlo/okpolr.java
> files/abknl/immvtjuo/src/oh/rakcv/dufsohlo/qkxantaqsv.java
> files/abknl/immvtjuo/src/oh/rakcv/dufsohlo/qnhr.java
> files/abknl/immvtjuo/src/oh/rakcv/dufsohlo/qntq.java
> files/abknl/immvtjuo/src/oh/rakcv/dufsohlo/qxmotwixf.java
> files/abknl/immvtjuo/src/oh/rakcv/dufsohlo/rjv.java
> files/abknl/immvtjuo/src/oh/rakcv/dufsohlo/rxvfptt.java
> files/abknl/immvtjuo/src/oh/rakcv/dufsohlo/scj.java
> files/abknl/immvtjuo/src/oh/rakcv/dufsohlo/shvhbesq.java
> files/abknl/immvtjuo/src/oh/rakcv/dufsohlo/sqkj.java
> files/abknl/immvtjuo/src/oh/rakcv/dufsohlo/tbugsn.java
> files/abknl/immvtjuo/src/oh/rakcv/dufsohlo/tvsrhfea.java
> files/abknl/immvtjuo/src/oh/rakcv/dufsohlo/twfkmv.java
> files/abknl/immvtjuo/src/oh/rakcv/dufsohlo/uppkuwa.java
> files/abknl/immvtjuo/src/oh/rakcv/dufsohlo/us.java
> files/abknl/immvtjuo/src/oh/rakcv/dufsohlo/v.java
> files/abknl/immvtjuo/src/oh/rakcv/dufsohlo/vclsubk.java
> files/abknl/immvtjuo/src/oh/rakcv/dufsohlo/volhqxg.java
> files/abknl/immvtjuo/src/oh/rakcv/dufsohlo/wphgfahj.java
> files/abknl/immvtjuo/src/oh/rakcv/dufsohlo/x.java
> files/abknl/immvtjuo/src/oh/rakcv/dufsohlo/xfke.java
> files/abknl/immvtjuo/src/oh/rakcv/dufsohlo/xrf.java
> files/abknl/immvtjuo/src/oh/rakcv/dufsohlo/xttwr.java
> files/abknl/immvtjuo/src/oh/rakcv/dufsohlo/ykplt.java
> files/abknl/immvtjuo/src/oh/rakcv/dufsohlo/yqltba.java
> files/abknl/immvtjuo/src/oh/rakcv/dufsohlo/yykyowjjk.java
> files/abknl/immvtjuo/src/oh/rakcv/elvq.java
> files/abknl/immvtjuo/src/oh/rakcv/ihkfwuk/bbfxvlgq.java
> files/abknl/immvtjuo/src/oh/rakcv/ihkfwuk/cmcqjuf.java
> files/abknl/immvtjuo/src/oh/rakcv/ihkfwuk/ewn.java
> files/abknl/immvtjuo/src/oh/rakcv/ihkfwuk/htvoiiwsdp.java
> files/abknl/immvtjuo/src/oh/rakcv/ihkfwuk/ihcnt.java
> files/abknl/immvtjuo/src/oh/rakcv/ihkfwuk/jlsi.java
> files/abknl/immvtjuo/src/oh/rakcv/ihkfwuk/jvc.java
> files/abknl/immvtjuo/src/oh/rakcv/ihkfwuk/opti.java
> files/abknl/immvtjuo/src/oh/rakcv/ihkfwuk/qegufg.java
> files/abknl/immvtjuo/src/oh/rakcv/ihkfwuk/rypgfobb.java
> files/abknl/immvtjuo/src/oh/rakcv/ihkfwuk/sgaalmjn.java
> files/abknl/immvtjuo/src/oh/rakcv/ihkfwuk/vfsbhdxhul.java
> files/abknl/immvtjuo/src/oh/rakcv/ihkfwuk/vlq.java
> files/abknl/immvtjuo/src/oh/rakcv/ihkfwuk/wj.java
> files/abknl/immvtjuo/src/oh/rakcv/ihkfwuk/ysjq.java
> files/abknl/immvtjuo/src/oh/rakcv/nt/ghuak.java
> files/abknl/immvtjuo/src/oh/rakcv/nt/hfsqhx.java
> files/abknl/immvtjuo/src/oh/rakcv/nt/hmxalj.java
> files/abknl/immvtjuo/src/oh/rakcv/nt/jodlnlqm.java
> files/abknl/immvtjuo/src/oh/rakcv/nt/jqsgwhtae.java
> files/abknl/immvtjuo/src/oh/rakcv/nt/lhmwll.java
> files/abknl/immvtjuo/src/oh/rakcv/nt/lpbeyildv.java
> files/abknl/immvtjuo/src/oh/rakcv/nt/lwmqpcgf.java
> files/abknl/immvtjuo/src/oh/rakcv/nt/na.java
> files/abknl/immvtjuo/src/oh/rakcv/nt/npbeh.java
> files/abknl/immvtjuo/src/oh/rakcv/uay/a.java
> files/abknl/immvtjuo/src/oh/rakcv/uay/avrb.java
> files/abknl/immvtjuo/src/oh/rakcv/uay/bsfm.java
> files/abknl/immvtjuo/src/oh/rakcv/uay/exmkssf.java
> files/abknl/immvtjuo/src/oh/rakcv/uay/flyyigg.java
> files/abknl/immvtjuo/src/oh/rakcv/uay/gcreobduu.java
> files/abknl/immvtjuo/src/oh/rakcv/uay/hpteyl.java
> files/abknl/immvtjuo/src/oh/rakcv/uay/hrdbdwsl.java
> files/abknl/immvtjuo/src/oh/rakcv/uay/hxrjgdytcf.java
> files/abknl/immvtjuo/src/oh/rakcv/uay/iddmmj.java
> files/abknl/immvtjuo/src/oh/rakcv/uay/iveoeohcc.java
> files/abknl/immvtjuo/src/oh/rakcv/uay/iwi.java
> files/abknl/immvtjuo/src/oh/rakcv/uay/kbl.java
> files/abknl/immvtjuo/src/oh/rakcv/uay/lkclfbdi.java
> files/abknl/immvtjuo/src/oh/rakcv/uay/m.java
> files/abknl/immvtjuo/src/oh/rakcv/uay/o.java
> files/abknl/immvtjuo/src/oh/rakcv/uay/obhclt.java
> files/abknl/immvtjuo/src/oh/rakcv/uay/ohxyckbs.java
> files/abknl/immvtjuo/src/oh/rakcv/uay/qieskfuyc.java
> files/abknl/immvtjuo/src/oh/rakcv/uay/qyxmd.java
> files/abknl/immvtjuo/src/oh/rakcv/uay/u.java
> files/abknl/immvtjuo/src/oh/rakcv/uay/uajuoay.java
> files/abknl/immvtjuo/src/oh/rakcv/uay/wtm.java
> files/abknl/immvtjuo/src/oh/rakcv/uay/yaihnhc.java
> files/abknl/immvtjuo/src/oh/rakcv/uay/ykakyhj.java
> files/abknl/immvtjuo/src/oh/rakcv/vlv/amcnlcgpjo.java
> files/abknl/immvtjuo/src/oh/rakcv/vlv/d.java
> files/abknl/immvtjuo/src/oh/rakcv/vlv/e.java
> files/abknl/immvtjuo/src/oh/rakcv/vlv/fo.java
> files/abknl/immvtjuo/src/oh/rakcv/vlv/glxcgrmx.java
> files/abknl/immvtjuo/src/oh/rakcv/vlv/ikhjeq.java
> files/abknl/immvtjuo/src/oh/rakcv/vlv/lwqjkw.java
> files/abknl/immvtjuo/src/oh/rakcv/vlv/m.java
> files/abknl/immvtjuo/src/oh/rakcv/vlv/mcls.java
> files/abknl/immvtjuo/src/oh/rakcv/vlv/mf.java
> files/abknl/immvtjuo/src/oh/rakcv/vlv/orqvlfhhm.java
> files/abknl/immvtjuo/src/oh/rakcv/vlv/oujq.java
> files/abknl/immvtjuo/src/oh/rakcv/vlv/rhnldi.java
> files/abknl/immvtjuo/src/oh/rakcv/vlv/rrt.java
> files/abknl/immvtjuo/src/oh/rakcv/vlv/ted.java
> files/abknl/immvtjuo/src/oh/rakcv/vlv/tefrwfdbj.java
> files/abknl/immvtjuo/src/oh/rakcv/vlv/vgyt.java
> files/abknl/immvtjuo/src/oh/rakcv/vlv/vpiv.java
> files/abknl/immvtjuo/src/oh/rakcv/vlv/whsyyl.java
> files/abknl/immvtjuo/src/oh/rakcv/vlv/xcn.java
> files/abknl/immvtjuo/src/oh/rakcv/ytv/avrwj.java
> files/abknl/immvtjuo/src/oh/rakcv/ytv/awjrwgb.java
> files/abknl/immvtjuo/src/oh/rakcv/ytv/bbw.java
> files/abknl/immvtjuo/src/oh/rakcv/ytv/bwewrs.java
> files/abknl/immvtjuo/src/oh/rakcv/ytv/cguchindg.java
> files/abknl/immvtjuo/src/oh/rakcv/ytv/cpn.java
> files/abknl/immvtjuo/src/oh/rakcv/ytv/crm.java
> files/abknl/immvtjuo/src/oh/rakcv/ytv/dg.java
> files/abknl/immvtjuo/src/oh/rakcv/ytv/dvhcoqm.java
> files/abknl/immvtjuo/src/oh/rakcv/ytv/emq.java
> files/abknl/immvtjuo/src/oh/rakcv/ytv/eosayb.java
> files/abknl/immvtjuo/src/oh/rakcv/ytv/eurocvwq.java
> files/abknl/immvtjuo/src/oh/rakcv/ytv/f.java
> files/abknl/immvtjuo/src/oh/rakcv/ytv/ffd.java
> files/abknl/immvtjuo/src/oh/rakcv/ytv/gbaltlgfcu.java
> files/abknl/immvtjuo/src/oh/rakcv/ytv/ha.java
> files/abknl/immvtjuo/src/oh/rakcv/ytv/hdsa.java
> files/abknl/immvtjuo/src/oh/rakcv/ytv/hkdmv.java
> files/abknl/immvtjuo/src/oh/rakcv/ytv/jsoyo.java
> files/abknl/immvtjuo/src/oh/rakcv/ytv/l.java
> files/abknl/immvtjuo/src/oh/rakcv/ytv/mgmklh.java
> files/abknl/immvtjuo/src/oh/rakcv/ytv/mpt.java
> files/abknl/immvtjuo/src/oh/rakcv/ytv/oqigb.java
> files/abknl/immvtjuo/src/oh/rakcv/ytv/sjxmsaxn.java
> files/abknl/immvtjuo/src/oh/rakcv/ytv/suu.java
> files/abknl/immvtjuo/src/oh/rakcv/ytv/u.java
> files/abknl/immvtjuo/src/oh/rakcv/ytv/vb.java
> files/abknl/immvtjuo/src/oh/rakcv/ytv/vdbsy.java
> files/abknl/immvtjuo/src/oh/rakcv/ytv/vgbfrpd.java
> files/abknl/immvtjuo/src/oh/rakcv/ytv/vitnw.java
> files/abknl/immvtjuo/src/oh/rakcv/ytv/vkhugkwrje.java
> files/abknl/immvtjuo/src/oh/rakcv/ytv/vm.java
> files/abknl/immvtjuo/src/oh/rakcv/ytv/xigxovrw.java
> files/abknl/immvtjuo/src/oh/rakcv/ytv/xjrjjw.java
> files/abknl/immvtjuo/src/oh/rakcv/ytv/xndbjvfc.java
417a1760,1852
> files/abknl/iptesca/src/hdexpnnef/rpgdxcngli/xl1/lkhwua.class
> files/abknl/iptesca/src/hdexpnnef/rpgdxcngli/xl1/lkhwua.java
> files/abknl/iptesca/src/hdexpnnef/rpgdxcngli/xl1/qxfpgfiyq.class
> files/abknl/iptesca/src/hdexpnnef/rpgdxcngli/xl1/qxfpgfiyq.java
> files/abknl/iptesca/src/hdexpnnef/rpgdxcngli/xl1/unhm.class
> files/abknl/iptesca/src/hdexpnnef/rpgdxcngli/xl1/unhm.java
> files/abknl/iptesca/src/hdexpnnef/rpgdxcngli/xl1/wq.class
> files/abknl/iptesca/src/hdexpnnef/rpgdxcngli/xl1/wq.java
> files/abknl/iptesca/src/hdexpnnef/rpgdxcngli/xl1/xeosnm.class
> files/abknl/iptesca/src/hdexpnnef/rpgdxcngli/xl1/xeosnm.java
> files/abknl/iptesca/src/hdexpnnef/rpgdxcngli/xl2/atmkjhj.class
> files/abknl/iptesca/src/hdexpnnef/rpgdxcngli/xl2/atmkjhj.java
> files/abknl/iptesca/src/hdexpnnef/rpgdxcngli/xl2/cm.class
> files/abknl/iptesca/src/hdexpnnef/rpgdxcngli/xl2/cm.java
> files/abknl/iptesca/src/hdexpnnef/rpgdxcngli/xl2/grdkybgc.class
> files/abknl/iptesca/src/hdexpnnef/rpgdxcngli/xl2/grdkybgc.java
> files/abknl/iptesca/src/hdexpnnef/rpgdxcngli/xl2/hqijyv.class
> files/abknl/iptesca/src/hdexpnnef/rpgdxcngli/xl2/hqijyv.java
> files/abknl/iptesca/src/hdexpnnef/rpgdxcngli/xl2/udnja.class
> files/abknl/iptesca/src/hdexpnnef/rpgdxcngli/xl2/udnja.java
> files/abknl/iptesca/tests/bad01.xl
> files/abknl/iptesca/tests/bad02.xl
> files/abknl/iptesca/tests/bad03.xl
> files/abknl/iptesca/tests/bad04.xl
> files/abknl/iptesca/tests/bad05.xl
> files/abknl/iptesca/tests/bad06.xl
> files/abknl/iptesca/tests/bad07.xl
> files/abknl/iptesca/tests/bad08.xl
> files/abknl/iptesca/tests/bad09.xl
> files/abknl/iptesca/tests/bad10.xl
> files/abknl/iptesca/tests/bad11.xl
> files/abknl/iptesca/tests/bad12.xl
> files/abknl/iptesca/tests/bad13.xl
> files/abknl/iptesca/tests/sample1.xl
> files/abknl/iptesca/tests/sample10.xl
> files/abknl/iptesca/tests/sample11.xl
> files/abknl/iptesca/tests/sample12.xl
> files/abknl/iptesca/tests/sample2.xl
> files/abknl/iptesca/tests/sample3.xl
> files/abknl/iptesca/tests/sample4.xl
> files/abknl/iptesca/tests/sample5.xl
> files/abknl/iptesca/tests/sample6.xl
> files/abknl/iptesca/tests/sample7.xl
> files/abknl/iptesca/tests/sample7a.xl
> files/abknl/iptesca/tests/sample7b.xl
> files/abknl/iptesca/tests/sample7c.xl
> files/abknl/iptesca/tests/sample8.xl
> files/abknl/iptesca/tests/sample9.xl
> files/abknl/ircfiwbesn/bfumt/esbykqdym/ehm.class
> files/abknl/ircfiwbesn/bfumt/esbykqdym/ehm.java
> files/abknl/ircfiwbesn/bfumt/esbykqdym/ehsd.class
> files/abknl/ircfiwbesn/bfumt/esbykqdym/ehsd.java
> files/abknl/ircfiwbesn/bfumt/esbykqdym/hk.dat
> files/abknl/ircfiwbesn/bfumt/esbykqdym/idpideeh.class
> files/abknl/ircfiwbesn/bfumt/esbykqdym/idpideeh.java
> files/abknl/ircfiwbesn/bfumt/esbykqdym/ihmqrj.class
> files/abknl/ircfiwbesn/bfumt/esbykqdym/ihmqrj.java
> files/abknl/ircfiwbesn/bfumt/esbykqdym/jbuibia.dat
> files/abknl/ircfiwbesn/bfumt/esbykqdym/kuc.dat
> files/abknl/ircfiwbesn/bfumt/esbykqdym/lmjogyo.class
> files/abknl/ircfiwbesn/bfumt/esbykqdym/lmjogyo.java
> files/abknl/ircfiwbesn/bfumt/esbykqdym/nqyxstpge.class
> files/abknl/ircfiwbesn/bfumt/esbykqdym/nqyxstpge.java
> files/abknl/ircfiwbesn/bfumt/esbykqdym/rarpxnmyc.class
> files/abknl/ircfiwbesn/bfumt/esbykqdym/rarpxnmyc.java
> files/abknl/ircfiwbesn/bfumt/esbykqdym/sbg.dat
> files/abknl/ircfiwbesn/bfumt/esbykqdym/sxciqueo.class
> files/abknl/ircfiwbesn/bfumt/esbykqdym/sxciqueo.java
> files/abknl/ircfiwbesn/bfumt/esbykqdym/uxx/acpj.html
> files/abknl/ircfiwbesn/bfumt/esbykqdym/uxx/breqhp.html
> files/abknl/ircfiwbesn/bfumt/esbykqdym/uxx/e.html
> files/abknl/ircfiwbesn/bfumt/esbykqdym/uxx/gbyyt.html
> files/abknl/ircfiwbesn/bfumt/esbykqdym/uxx/hfpcdsyiev.html
> files/abknl/ircfiwbesn/bfumt/esbykqdym/uxx/jo.html
> files/abknl/ircfiwbesn/bfumt/esbykqdym/uxx/l.html
> files/abknl/ircfiwbesn/bfumt/esbykqdym/uxx/oxfp.html
> files/abknl/ircfiwbesn/bfumt/esbykqdym/uxx/qpf.html
> files/abknl/ircfiwbesn/bfumt/esbykqdym/uxx/rs.html
> files/abknl/ircfiwbesn/bfumt/esbykqdym/uxx/ryyk.html
> files/abknl/ircfiwbesn/bfumt/esbykqdym/uxx/tto.html
> files/abknl/ircfiwbesn/bfumt/esbykqdym/uxx/wif.html
> files/abknl/ircfiwbesn/bfumt/esbykqdym/uxx/wwfvmic.html
> files/abknl/ircfiwbesn/bfumt/esbykqdym/uxx/ykksahqj.html
> files/abknl/ircfiwbesn/bfumt/esbykqdym/vxekenv.class
> files/abknl/ircfiwbesn/bfumt/esbykqdym/vxekenv.java
> files/abknl/ircfiwbesn/bfumt/esbykqdym/wqjsn.class
> files/abknl/ircfiwbesn/bfumt/esbykqdym/wqjsn.java
> files/abknl/ircfiwbesn/bfumt/esbykqdym/xr.dat
> files/abknl/ircfiwbesn/bfumt/fhfnuc.doc
> files/abknl/ircfiwbesn/bfumt/nu.doc
> files/abknl/ircfiwbesn/bfumt/ojwra.doc
> files/abknl/ircfiwbesn/bfumt/ri.doc
> files/abknl/ircfiwbesn/bfumt/uykuwjyraj.doc
437a1873,1882
> files/abknl/kfaqnaog/fvk.class
> files/abknl/kfaqnaog/fvk.java
> files/abknl/kfaqnaog/pseouepw.class
> files/abknl/kfaqnaog/pseouepw.java
> files/abknl/kfaqnaog/pu.class
> files/abknl/kfaqnaog/pu.java
> files/abknl/kfaqnaog/ryay.class
> files/abknl/kfaqnaog/ryay.java
> files/abknl/kfaqnaog/viyiec.class
> files/abknl/kfaqnaog/viyiec.java
643a2089,2152
> files/abknl/odtajkxenk/sgahshpm.tgz
> files/abknl/odtajkxenk/wltutst/dtwxuayv.class
> files/abknl/odtajkxenk/wltutst/ik.class
> files/abknl/odtajkxenk/wltutst/ik.java
> files/abknl/odtajkxenk/wltutst/mdogbrdb.class
> files/abknl/odtajkxenk/wltutst/murye.class
> files/abknl/odtajkxenk/wltutst/np.class
> files/abknl/odtajkxenk/wltutst/oofkv.class
> files/abknl/odtajkxenk/wltutst/qjm.class
> files/abknl/odtajkxenk/wltutst/rtvqppj.class
> files/abknl/odtajkxenk/wltutst/rtvqppj.java
> files/abknl/odtajkxenk/wltutst/uand.class
> files/abknl/odtajkxenk/wltutst/ueuoed.class
> files/abknl/odtajkxenk/wltutst/ulxty.class
> files/abknl/odtajkxenk/wltutst/ulxty.java
> files/abknl/odtajkxenk/wltutst/vhuhceme.class
> files/abknl/odtajkxenk/wltutst/vhuhceme.java
> files/abknl/odtajkxenk/wltutst/wuoaw.class
> files/abknl/odtajkxenk/wltutst/xrpspndfl.class
> files/abknl/odtajkxenk/xn/acnjnun.class
> files/abknl/odtajkxenk/xn/algokch.class
> files/abknl/odtajkxenk/xn/blxsgo.class
> files/abknl/odtajkxenk/xn/ciix.class
> files/abknl/odtajkxenk/xn/cuqgs.class
> files/abknl/odtajkxenk/xn/d.class
> files/abknl/odtajkxenk/xn/d.java
> files/abknl/odtajkxenk/xn/dgg.class
> files/abknl/odtajkxenk/xn/eypemekq.class
> files/abknl/odtajkxenk/xn/eypemekq.java
> files/abknl/odtajkxenk/xn/f.class
> files/abknl/odtajkxenk/xn/fri.class
> files/abknl/odtajkxenk/xn/fvlwojuii.class
> files/abknl/odtajkxenk/xn/gegg.class
> files/abknl/odtajkxenk/xn/gegg.java
> files/abknl/odtajkxenk/xn/gfvsdjon.class
> files/abknl/odtajkxenk/xn/if.class
> files/abknl/odtajkxenk/xn/jpeclukpfu.class
> files/abknl/odtajkxenk/xn/jvjpel.class
> files/abknl/odtajkxenk/xn/k.class
> files/abknl/odtajkxenk/xn/khhhliio.class
> files/abknl/odtajkxenk/xn/ksht.class
> files/abknl/odtajkxenk/xn/lvyvgxx.class
> files/abknl/odtajkxenk/xn/mgj.class
> files/abknl/odtajkxenk/xn/ngkaqcjpt.class
> files/abknl/odtajkxenk/xn/ngkaqcjpt.java
> files/abknl/odtajkxenk/xn/ngwyxv.class
> files/abknl/odtajkxenk/xn/npq.class
> files/abknl/odtajkxenk/xn/oyhd.class
> files/abknl/odtajkxenk/xn/oyhd.java
> files/abknl/odtajkxenk/xn/pa.class
> files/abknl/odtajkxenk/xn/qtnymbo.class
> files/abknl/odtajkxenk/xn/rlkpyaylh.class
> files/abknl/odtajkxenk/xn/rmc.class
> files/abknl/odtajkxenk/xn/tabkxcqdc.class
> files/abknl/odtajkxenk/xn/tcxklk.class
> files/abknl/odtajkxenk/xn/ucmtph.class
> files/abknl/odtajkxenk/xn/udswkclvlb.class
> files/abknl/odtajkxenk/xn/uoqsbvsndt.class
> files/abknl/odtajkxenk/xn/wa.class
> files/abknl/odtajkxenk/xn/wnxoja.class
> files/abknl/odtajkxenk/xn/woksxwfile.class
> files/abknl/odtajkxenk/xn/x.class
> files/abknl/odtajkxenk/xn/yjkvri.class
> files/abknl/odtajkxenk/xn/yrfvslc.class
804a2314,2333
> files/abknl/snlpl/aunk.class
> files/abknl/snlpl/aunk.java
> files/abknl/snlpl/kbwm.class
> files/abknl/snlpl/kbwm.java
> files/abknl/snlpl/pnrm.class
> files/abknl/snlpl/pnrm.java
> files/abknl/snlpl/udk.class
> files/abknl/snlpl/udk.java
> files/abknl/snlpl/vmhqt.class
> files/abknl/snlpl/vmhqt.java
> files/abknl/sy/a.class
> files/abknl/sy/a.java
> files/abknl/sy/pbj.class
> files/abknl/sy/pbj.java
> files/abknl/sy/tlvr.class
> files/abknl/sy/tlvr.java
> files/abknl/sy/x.class
> files/abknl/sy/x.java
> files/abknl/sy/y.class
> files/abknl/sy/y.java
896a2426,2445
> files/abknl/yakt/bin/dfncwta.mp3
> files/abknl/yakt/bin/furwlc.class
> files/abknl/yakt/bin/hilpihfu.class
> files/abknl/yakt/bin/ho.mp3
> files/abknl/yakt/bin/ipdefi.class
> files/abknl/yakt/bin/nbfn.mp3
> files/abknl/yakt/bin/nfy.mp3
> files/abknl/yakt/bin/trj.class
> files/abknl/yakt/bin/yud.mp3
> files/abknl/yakt/bin/yyguqr.class
> files/abknl/yakt/src/dfncwta.mp3
> files/abknl/yakt/src/furwlc.java
> files/abknl/yakt/src/hilpihfu.java
> files/abknl/yakt/src/ho.mp3
> files/abknl/yakt/src/ipdefi.java
> files/abknl/yakt/src/nbfn.mp3
> files/abknl/yakt/src/nfy.mp3
> files/abknl/yakt/src/trj.java
> files/abknl/yakt/src/yud.mp3
> files/abknl/yakt/src/yyguqr.java
