null
files/abknl/immvtjuo/src/oh
files/abknl/immvtjuo/src/oh/rakcv
files/abknl/immvtjuo/src/oh/rakcv/ihkfwuk
files/abknl/immvtjuo/src/oh/rakcv/ytv
files/abknl/immvtjuo/src/oh/rakcv/nt
files/abknl/immvtjuo/src/oh/rakcv/dufsohlo
files/abknl/immvtjuo/src/oh/rakcv/uay
files/abknl/immvtjuo/src/oh/rakcv/vlv
files/abknl/yakt
files/abknl/yakt/src
files/abknl/yakt/bin
files/abknl/bbxudleuf
files/abknl/bbxudleuf/ua
files/abknl/bbxudleuf/ua/ruhtmcccv
files/abknl/bbxudleuf/jlffhq
files/abknl/bbxudleuf/jlffhq/y
files/abknl/bbxudleuf/jlffhq/y/xwjj
files/abknl/bbxudleuf/jlffhq/y/xwjj/ell
files/abknl/bbxudleuf/jlffhq/y/xwjj/ell/njwqdp
files/abknl/bbxudleuf/jlffhq/y/xwjj/xrhyhq
files/abknl/bbxudleuf/jlffhq/y/xwjj/xrhyhq/ijklr
files/abknl/bbxudleuf/jlffhq/y/xwjj/uloy
files/abknl/bbxudleuf/jlffhq/y/xwjj/xem
files/abknl/bbxudleuf/jlffhq/y/xwjj/dyetqhsch
files/abknl/bbxudleuf/jlffhq/y/xwjj/dyetqhsch/bb
files/abknl/bbxudleuf/jlffhq/y/xwjj/ngysjp
files/abknl/bbxudleuf/jlffhq/y/xwjj/ohv
files/abknl/bbxudleuf/jlffhq/y/xwjj/ohv/kh
files/abknl/bbxudleuf/jlffhq/y/xwjj/st
files/abknl/bbxudleuf/jlffhq/y/xwjj/st/lkh
files/abknl/bbxudleuf/jlffhq/y/xwjj/mxpvfeen
files/abknl/bbxudleuf/jlffhq/y/xwjj/mxpvfeen/njpwyue
files/abknl/bbxudleuf/jlffhq/y/xwjj/tueljn
files/abknl/bbxudleuf/jlffhq/y/xwjj/ga
files/abknl/bbxudleuf/jlffhq/y/xwjj/ga/mdmcdtusn
files/abknl/bbxudleuf/mxb
files/abknl/bbxudleuf/mxb/fe
files/abknl/bbxudleuf/mxb/fe/ndmg
files/abknl/bbxudleuf/mxb/fe/ndmg/jws
files/abknl/bbxudleuf/mxb/fe/ndmg/jws/wueohgya
files/abknl/bbxudleuf/mxb/fe/ndmg/transport
files/abknl/bbxudleuf/mxb/fe/ndmg/transport/doc-files
files/abknl/bbxudleuf/mxb/fe/ndmg/jlyfnq
files/abknl/bbxudleuf/mxb/fe/ndmg/otskqcqxcd
files/abknl/bbxudleuf/mxb/fe/ndmg/otskqcqxcd/xnmwd
files/abknl/bbxudleuf/mxb/fe/ndmg/u
